# ELBREAD: Elaboration process.
# ELBREAD: Elaboration time 0.0 [s].
acom -O3 -e 100 -work design -2002  $dsn/src/1.vhd $dsn/src/3.vhd $dsn/src/2.vhd $dsn/src/TestBench/gcd_lcm_TB.vhd
# Warning: DAGGEN_0523: The source is compiled without the -dbg switch. Line breakpoints and assertion debug will not be available.
# File: C:/Users/free/Desktop/UNI/term6/CAD/QUIZ3/design/src/1.vhd
# Compile Entity "GCD_LCM"
# Compile Architecture "Behavioral" of Entity "GCD_LCM"
# File: C:/Users/free/Desktop/UNI/term6/CAD/QUIZ3/design/src/3.vhd
# Compile Package "array2x2_pkg"
# Compile Entity "MatrixOperation"
# Compile Architecture "Behavioral" of Entity "MatrixOperation"
# File: C:/Users/free/Desktop/UNI/term6/CAD/QUIZ3/design/src/2.vhd
# Compile Entity "MedianAverage"
# Compile Architecture "Behavioral" of Entity "MedianAverage"
# File: C:/Users/free/Desktop/UNI/term6/CAD/QUIZ3/design/src/TestBench/gcd_lcm_TB.vhd
# Compile Entity "gcd_lcm_tb"
# Compile Architecture "TB_ARCHITECTURE" of Entity "gcd_lcm_tb"
# Compile Configuration "TESTBENCH_FOR_gcd_lcm"
# Compile success 0 Errors 0 Warnings  Analysis time :  94.0 [ms]
acom -O3 -e 100 -work design -2002  $dsn/src/1.vhd $dsn/src/3.vhd $dsn/src/2.vhd $dsn/src/TestBench/gcd_lcm_TB.vhd
# Warning: DAGGEN_0523: The source is compiled without the -dbg switch. Line breakpoints and assertion debug will not be available.
# File: C:/Users/free/Desktop/UNI/term6/CAD/QUIZ3/design/src/1.vhd
# Compile Entity "GCD_LCM"
# Compile Architecture "Behavioral" of Entity "GCD_LCM"
# File: C:/Users/free/Desktop/UNI/term6/CAD/QUIZ3/design/src/3.vhd
# Compile Package "array2x2_pkg"
# Compile Entity "MatrixOperation"
# Compile Architecture "Behavioral" of Entity "MatrixOperation"
# File: C:/Users/free/Desktop/UNI/term6/CAD/QUIZ3/design/src/2.vhd
# Compile Entity "MedianAverage"
# Compile Architecture "Behavioral" of Entity "MedianAverage"
# File: C:/Users/free/Desktop/UNI/term6/CAD/QUIZ3/design/src/TestBench/gcd_lcm_TB.vhd
# Compile Entity "gcd_lcm_tb"
# Compile Architecture "TB_ARCHITECTURE" of Entity "gcd_lcm_tb"
# Compile Configuration "TESTBENCH_FOR_gcd_lcm"
# Compile success 0 Errors 0 Warnings  Analysis time :  62.0 [ms]
acom -O3 -e 100 -work design -2002  $dsn/src/1.vhd $dsn/src/3.vhd $dsn/src/2.vhd $dsn/src/TestBench/gcd_lcm_TB.vhd
# Warning: DAGGEN_0523: The source is compiled without the -dbg switch. Line breakpoints and assertion debug will not be available.
# File: C:/Users/free/Desktop/UNI/term6/CAD/QUIZ3/design/src/1.vhd
# Compile Entity "GCD_LCM"
# Compile Architecture "Behavioral" of Entity "GCD_LCM"
# File: C:/Users/free/Desktop/UNI/term6/CAD/QUIZ3/design/src/3.vhd
# Compile Package "array2x2_pkg"
# Compile Entity "MatrixOperation"
# Compile Architecture "Behavioral" of Entity "MatrixOperation"
# File: C:/Users/free/Desktop/UNI/term6/CAD/QUIZ3/design/src/2.vhd
# Compile Entity "MedianAverage"
# Compile Architecture "Behavioral" of Entity "MedianAverage"
# File: C:/Users/free/Desktop/UNI/term6/CAD/QUIZ3/design/src/TestBench/gcd_lcm_TB.vhd
# Compile Entity "gcd_lcm_tb"
# Compile Architecture "TB_ARCHITECTURE" of Entity "gcd_lcm_tb"
# Compile Configuration "TESTBENCH_FOR_gcd_lcm"
# Compile success 0 Errors 0 Warnings  Analysis time :  78.0 [ms]
acom -O3 -e 100 -work design -2002  $dsn/src/1.vhd $dsn/src/3.vhd $dsn/src/2.vhd $dsn/src/TestBench/gcd_lcm_TB.vhd
# Warning: DAGGEN_0523: The source is compiled without the -dbg switch. Line breakpoints and assertion debug will not be available.
# File: C:/Users/free/Desktop/UNI/term6/CAD/QUIZ3/design/src/1.vhd
# Compile Entity "GCD_LCM"
# Compile Architecture "Behavioral" of Entity "GCD_LCM"
# File: C:/Users/free/Desktop/UNI/term6/CAD/QUIZ3/design/src/3.vhd
# Compile Package "array2x2_pkg"
# Compile Entity "MatrixOperation"
# Compile Architecture "Behavioral" of Entity "MatrixOperation"
# File: C:/Users/free/Desktop/UNI/term6/CAD/QUIZ3/design/src/2.vhd
# Compile Entity "MedianAverage"
# Compile Architecture "Behavioral" of Entity "MedianAverage"
# File: C:/Users/free/Desktop/UNI/term6/CAD/QUIZ3/design/src/TestBench/gcd_lcm_TB.vhd
# Compile Entity "gcd_lcm_tb"
# Compile Architecture "TB_ARCHITECTURE" of Entity "gcd_lcm_tb"
# Compile Configuration "TESTBENCH_FOR_gcd_lcm"
# Compile success 0 Errors 0 Warnings  Analysis time :  63.0 [ms]
