Active-HDL 12.0.118.7745 2023-06-02 19:23:57

Elaboration top modules:
Architecture                  behavioral(calculator_entity)


----------------------------------------------------------------------------------------------------
Entity            | Architecture | Library | Info | Compiler Version          | Compilation Options
----------------------------------------------------------------------------------------------------
calculator_entity | behavioral   | design  |      | 12.0.118.7745 (Windows64) | -O3
----------------------------------------------------------------------------------------------------

----------------------------------------------------------------------------------------------------
VHDL Package                     | Library | Info | Compiler Version          | Compilation Options
----------------------------------------------------------------------------------------------------
standard                         | std     |      |                           | <unavailable>
TEXTIO                           | std     |      |                           | <unavailable>
std_logic_1164                   | ieee    |      |                           | <unavailable>
calculator_pkg                   | design  |      |                           | <unavailable>
----------------------------------------------------------------------------------------------------

----------------------------------------------------------------------------------------------------
Library                          | Comment
----------------------------------------------------------------------------------------------------
design                           | None
ieee                             | Standard IEEE packages library
std                              | Standard VHDL library
----------------------------------------------------------------------------------------------------
