Active-HDL 12.0.118.7745 2023-06-28 11:50:34

Elaboration top modules:
Architecture                  Behavioral(matrix_example)


-------------------------------------------------------------------------------------------------
Entity         | Architecture | Library | Info | Compiler Version          | Compilation Options
-------------------------------------------------------------------------------------------------
matrix_example | Behavioral   | design  |      | 12.0.118.7745 (Windows64) | -O3
-------------------------------------------------------------------------------------------------

-------------------------------------------------------------------------------------------------
VHDL Package                  | Library | Info | Compiler Version          | Compilation Options
-------------------------------------------------------------------------------------------------
standard                      | std     |      |                           | <unavailable>
TEXTIO                        | std     |      |                           | <unavailable>
std_logic_1164                | ieee    |      |                           | <unavailable>
NUMERIC_STD                   | ieee    |      |                           | <unavailable>
MATH_REAL                     | ieee    |      |                           | <unavailable>
STD_LOGIC_TEXTIO              | ieee    |      |                           | <unavailable>
matrix_pkg                    | design  |      |                           | <unavailable>
-------------------------------------------------------------------------------------------------

-------------------------------------------------------------------------------------------------
Library                       | Comment
-------------------------------------------------------------------------------------------------
design                        | None
ieee                          | Standard IEEE packages library
std                           | Standard VHDL library
-------------------------------------------------------------------------------------------------
