acom -O3 -e 100 -work design -2002  $dsn/src/Q1.vhd
# Warning: DAGGEN_0523: The source is compiled without the -dbg switch. Line breakpoints and assertion debug will not be available.
# File: C:/Users/free/Desktop/UNI/term6/CAD/HW3/design/src/Q1.vhd
# Compile Entity "Full_Adder"
# Compile Architecture "Behavioral" of Entity "Full_Adder"
# Compile Entity "Half_Adder"
# Compile Architecture "Behavioral" of Entity "Half_Adder"
# Compile Entity "BCD_Adder"
# Compile Architecture "Behavioral" of Entity "BCD_Adder"
# Compile success 0 Errors 0 Warnings  Analysis time :  0.1 [s]
acom -O3 -e 100 -work design -2002  $dsn/src/Q1.vhd
# Warning: DAGGEN_0523: The source is compiled without the -dbg switch. Line breakpoints and assertion debug will not be available.
# File: C:/Users/free/Desktop/UNI/term6/CAD/HW3/design/src/Q1.vhd
# Compile Package "Complex_Matrix_Operations"
# Error: COMP96_0019: Q1.vhd : (28, 5): Keyword 'end' expected.
# Error: COMP96_0015: Q1.vhd : (28, 5): ';' expected.
# Error: COMP96_0016: Q1.vhd : (28, 13): Design unit declaration expected.
# Compile Package Body "Complex_Matrix_Operations"
# Error: COMP96_0078: Q1.vhd : (38, 48): Unknown identifier "Complex_Matrix".
# Error: COMP96_0064: Q1.vhd : (38, 48): Unknown type.
# Error: COMP96_0078: Q1.vhd : (38, 71): Unknown identifier "Complex_Matrix".
# Error: COMP96_0064: Q1.vhd : (38, 71): Unknown type.
# Error: COMP96_0078: Q1.vhd : (51, 54): Unknown identifier "Complex_Matrix".
# Error: COMP96_0064: Q1.vhd : (51, 54): Unknown type.
# Error: COMP96_0078: Q1.vhd : (51, 77): Unknown identifier "Complex_Matrix".
# Error: COMP96_0064: Q1.vhd : (51, 77): Unknown type.
# Error: COMP96_0078: Q1.vhd : (68, 48): Unknown identifier "Complex_Matrix".
# Error: COMP96_0064: Q1.vhd : (68, 48): Unknown type.
# Error: COMP96_0251: Q1.vhd : (70, 18): Discrete range in the iteration scheme is invalid.
# Error: COMP96_0251: Q1.vhd : (71, 22): Discrete range in the iteration scheme is invalid.
# Error: COMP96_0289: Q1.vhd : (72, 17): Prefix of index must be an array.
# Error: COMP96_0078: Q1.vhd : (72, 46): Unknown identifier "random".
# Error: COMP96_0078: Q1.vhd : (72, 53): Unknown identifier "Rows".
# Error: COMP96_0078: Q1.vhd : (72, 60): Unknown identifier "Columns".
# Error: COMP96_0133: Q1.vhd : (72, 46): Cannot find object declaration.
# Error: COMP96_0289: Q1.vhd : (73, 17): Prefix of index must be an array.
# Error: COMP96_0078: Q1.vhd : (73, 46): Unknown identifier "random".
# Error: COMP96_0078: Q1.vhd : (73, 53): Unknown identifier "Rows".
# Error: COMP96_0078: Q1.vhd : (73, 60): Unknown identifier "Columns".
# Error: COMP96_0133: Q1.vhd : (73, 46): Cannot find object declaration.
# Error: COMP96_0078: Q1.vhd : (79, 36): Unknown identifier "Complex_Matrix".
# Error: COMP96_0064: Q1.vhd : (79, 36): Unknown type.
# Error: COMP96_0251: Q1.vhd : (81, 18): Discrete range in the iteration scheme is invalid.
# Error: COMP96_0251: Q1.vhd : (82, 22): Discrete range in the iteration scheme is invalid.
# Error: COMP96_0289: Q1.vhd : (85, 54): Prefix of index must be an array.
# Error: COMP96_0137: Q1.vhd : (85, 54): This parameter is not compatible with the parameter allowed for attribute 'IMAGE.
# Error: COMP96_0289: Q1.vhd : (84, 49): Prefix of index must be an array.
# Error: COMP96_0137: Q1.vhd : (84, 49): This parameter is not compatible with the parameter allowed for attribute 'IMAGE.
# Error: COMP96_0137: Q1.vhd : (83, 78): This parameter is not compatible with the parameter allowed for attribute 'IMAGE.
# Error: COMP96_0137: Q1.vhd : (83, 52): This parameter is not compatible with the parameter allowed for attribute 'IMAGE.
# Compile failure 35 Errors 0 Warnings  Analysis time :  16.0 [ms]
acom -O3 -e 100 -work design -2002  $dsn/src/Q1.vhd
# Warning: DAGGEN_0523: The source is compiled without the -dbg switch. Line breakpoints and assertion debug will not be available.
# File: C:/Users/free/Desktop/UNI/term6/CAD/HW3/design/src/Q1.vhd
# Compile Package "ComplexNumber_pkg"
# Compile Package "ComplexMatrix_pkg"
# Error: COMP96_0019: Q1.vhd : (16, 3): Keyword 'end' expected.
# Error: COMP96_0015: Q1.vhd : (16, 3): ';' expected.
# Error: COMP96_0016: Q1.vhd : (16, 11): Design unit declaration expected.
# Compile Package "ComplexMatrix_pkg"
# Error: COMP96_0019: Q1.vhd : (23, 30): Keyword 'is' expected.
# Error: COMP96_0019: Q1.vhd : (23, 30): Keyword 'end' expected.
# Compile Entity "ComplexMatrix"
# Error: COMP96_0078: Q1.vhd : (32, 13): Unknown identifier "std_logic".
# Error: COMP96_0064: Q1.vhd : (32, 13): Unknown type.
# Error: COMP96_0078: Q1.vhd : (33, 15): Unknown identifier "std_logic".
# Error: COMP96_0064: Q1.vhd : (33, 15): Unknown type.
# Error: COMP96_0078: Q1.vhd : (34, 19): Unknown identifier "ComplexMatrix_pkg".
# Error: COMP96_0133: Q1.vhd : (34, 19): Cannot find object declaration.
# Error: COMP96_0064: Q1.vhd : (34, 19): Unknown type.
# Error: COMP96_0078: Q1.vhd : (35, 21): Unknown identifier "ComplexMatrix_pkg".
# Error: COMP96_0133: Q1.vhd : (35, 21): Cannot find object declaration.
# Error: COMP96_0064: Q1.vhd : (35, 21): Unknown type.
# Compile Architecture "Behavioral" of Entity "ComplexMatrix"
# Error: COMP96_0056: Q1.vhd : (40, 1): Cannot find referenced entity declaration "ComplexMatrix".
# Compile Package Body "ComplexNumber_pkg"
# Compile Package Body "ComplexMatrix_pkg"
# Error: COMP96_0057: Q1.vhd : (87, 1): Cannot find referenced package declaration "ComplexMatrix_pkg".
# Compile failure 17 Errors 0 Warnings  Analysis time :  79.0 [ms]
acom -O3 -e 100 -work design -2002  $dsn/src/Q1.vhd $dsn/src/Q2.vhd
# Warning: DAGGEN_0523: The source is compiled without the -dbg switch. Line breakpoints and assertion debug will not be available.
# File: C:/Users/free/Desktop/UNI/term6/CAD/HW3/design/src/Q1.vhd
# Compile Package "ComplexNumber_pkg"
# Compile Package "ComplexMatrix_pkg"
# Error: COMP96_0019: Q1.vhd : (16, 3): Keyword 'end' expected.
# Error: COMP96_0015: Q1.vhd : (16, 3): ';' expected.
# Error: COMP96_0016: Q1.vhd : (16, 11): Design unit declaration expected.
# Compile Package "ComplexMatrix_pkg"
# Error: COMP96_0019: Q1.vhd : (23, 30): Keyword 'is' expected.
# Error: COMP96_0019: Q1.vhd : (23, 30): Keyword 'end' expected.
# Compile Entity "ComplexMatrix"
# Error: COMP96_0078: Q1.vhd : (32, 13): Unknown identifier "std_logic".
# Error: COMP96_0064: Q1.vhd : (32, 13): Unknown type.
# Error: COMP96_0078: Q1.vhd : (33, 15): Unknown identifier "std_logic".
# Error: COMP96_0064: Q1.vhd : (33, 15): Unknown type.
# Error: COMP96_0078: Q1.vhd : (34, 19): Unknown identifier "ComplexMatrix_pkg".
# Error: COMP96_0133: Q1.vhd : (34, 19): Cannot find object declaration.
# Error: COMP96_0064: Q1.vhd : (34, 19): Unknown type.
# Error: COMP96_0078: Q1.vhd : (35, 21): Unknown identifier "ComplexMatrix_pkg".
# Error: COMP96_0133: Q1.vhd : (35, 21): Cannot find object declaration.
# Error: COMP96_0064: Q1.vhd : (35, 21): Unknown type.
# Compile Architecture "Behavioral" of Entity "ComplexMatrix"
# Error: COMP96_0056: Q1.vhd : (40, 1): Cannot find referenced entity declaration "ComplexMatrix".
# Compile Package Body "ComplexNumber_pkg"
# Compile Package Body "ComplexMatrix_pkg"
# Error: COMP96_0057: Q1.vhd : (87, 1): Cannot find referenced package declaration "ComplexMatrix_pkg".
# File: C:/Users/free/Desktop/UNI/term6/CAD/HW3/design/src/Q2.vhd
# Compile Package "Recursive_Functions"
# Compile Package Body "Recursive_Functions"
# Error: COMP96_0142: Q2.vhd : (21, 32): Improper use of qualified expression value.
# Error: COMP96_0142: Q2.vhd : (23, 66): Improper use of qualified expression value.
# Error: COMP96_0106: Q2.vhd : (23, 20): Returned value type does not match the type declared in function declaration.
# Compile failure 20 Errors 0 Warnings  Analysis time :  46.0 [ms]
acom -O3 -e 100 -work design -2002  $dsn/src/Q1.vhd $dsn/src/Q2.vhd
# Warning: DAGGEN_0523: The source is compiled without the -dbg switch. Line breakpoints and assertion debug will not be available.
# File: C:/Users/free/Desktop/UNI/term6/CAD/HW3/design/src/Q1.vhd
# Warning: COMP96_0003: Source file "C:/Users/free/Desktop/UNI/term6/CAD/HW3/design/src/Q1.vhd" is empty.
# File: C:/Users/free/Desktop/UNI/term6/CAD/HW3/design/src/Q2.vhd
# Compile Package "Recursive_Functions"
# Compile Package Body "Recursive_Functions"
# Error: COMP96_0142: Q2.vhd : (21, 32): Improper use of qualified expression value.
# Error: COMP96_0142: Q2.vhd : (23, 66): Improper use of qualified expression value.
# Error: COMP96_0106: Q2.vhd : (23, 20): Returned value type does not match the type declared in function declaration.
# Compile failure 3 Errors 1 Warnings  Analysis time :  16.0 [ms]
acom -O3 -e 100 -work design -2002  $dsn/src/Q1.vhd $dsn/src/Q2.vhd
# Warning: DAGGEN_0523: The source is compiled without the -dbg switch. Line breakpoints and assertion debug will not be available.
# File: C:/Users/free/Desktop/UNI/term6/CAD/HW3/design/src/Q1.vhd
# Warning: COMP96_0003: Source file "C:/Users/free/Desktop/UNI/term6/CAD/HW3/design/src/Q1.vhd" is empty.
# File: C:/Users/free/Desktop/UNI/term6/CAD/HW3/design/src/Q2.vhd
# Compile Package "Recursive_Functions"
# Compile Package Body "Recursive_Functions"
# Error: COMP96_0142: Q2.vhd : (21, 32): Improper use of qualified expression value.
# Error: COMP96_0142: Q2.vhd : (23, 66): Improper use of qualified expression value.
# Error: COMP96_0106: Q2.vhd : (23, 20): Returned value type does not match the type declared in function declaration.
# Compile Entity "Binary_Reverser_TB"
# Compile Architecture "sim" of Entity "Binary_Reverser_TB"
# Compile failure 3 Errors 1 Warnings  Analysis time :  47.0 [ms]
acom -O3 -e 100 -work design -2002  $dsn/src/Q1.vhd $dsn/src/Q2.vhd
# Warning: DAGGEN_0523: The source is compiled without the -dbg switch. Line breakpoints and assertion debug will not be available.
# File: C:/Users/free/Desktop/UNI/term6/CAD/HW3/design/src/Q1.vhd
# Warning: COMP96_0003: Source file "C:/Users/free/Desktop/UNI/term6/CAD/HW3/design/src/Q1.vhd" is empty.
# File: C:/Users/free/Desktop/UNI/term6/CAD/HW3/design/src/Q2.vhd
# Compile Package "Recursive_Functions"
# Compile Package Body "Recursive_Functions"
# Compile success 0 Errors 1 Warnings  Analysis time :  31.0 [ms]
acom -O3 -e 100 -work design -2002  $dsn/src/Q1.vhd $dsn/src/Q2.vhd
# Warning: DAGGEN_0523: The source is compiled without the -dbg switch. Line breakpoints and assertion debug will not be available.
# File: C:/Users/free/Desktop/UNI/term6/CAD/HW3/design/src/Q1.vhd
# Warning: COMP96_0003: Source file "C:/Users/free/Desktop/UNI/term6/CAD/HW3/design/src/Q1.vhd" is empty.
# File: C:/Users/free/Desktop/UNI/term6/CAD/HW3/design/src/Q2.vhd
# Compile Package "Recursive_Functions"
# Compile Package Body "Recursive_Functions"
# Compile success 0 Errors 1 Warnings  Analysis time :  32.0 [ms]
acom -O3 -e 100 -work design -2002  $dsn/src/Q1.vhd $dsn/src/Q2.vhd
# Warning: DAGGEN_0523: The source is compiled without the -dbg switch. Line breakpoints and assertion debug will not be available.
# File: C:/Users/free/Desktop/UNI/term6/CAD/HW3/design/src/Q1.vhd
# Warning: COMP96_0003: Source file "C:/Users/free/Desktop/UNI/term6/CAD/HW3/design/src/Q1.vhd" is empty.
# File: C:/Users/free/Desktop/UNI/term6/CAD/HW3/design/src/Q2.vhd
# Compile Package "Recursive_Functions"
# Compile Package Body "Recursive_Functions"
# Compile Entity "Binary_Reverser_TB"
# Compile Architecture "sim" of Entity "Binary_Reverser_TB"
# Compile success 0 Errors 1 Warnings  Analysis time :  62.0 [ms]
acom -O3 -e 100 -work design -2002  $dsn/src/Q1.vhd $dsn/src/Q2.vhd
# Warning: DAGGEN_0523: The source is compiled without the -dbg switch. Line breakpoints and assertion debug will not be available.
# File: C:/Users/free/Desktop/UNI/term6/CAD/HW3/design/src/Q1.vhd
# Warning: COMP96_0003: Source file "C:/Users/free/Desktop/UNI/term6/CAD/HW3/design/src/Q1.vhd" is empty.
# File: C:/Users/free/Desktop/UNI/term6/CAD/HW3/design/src/Q2.vhd
# Compile Package "Recursive_Functions"
# Compile Package Body "Recursive_Functions"
# Compile success 0 Errors 1 Warnings  Analysis time :  31.0 [ms]
acom -O3 -e 100 -work design -2002  $dsn/src/Q1.vhd $dsn/src/Q2.vhd
# Warning: DAGGEN_0523: The source is compiled without the -dbg switch. Line breakpoints and assertion debug will not be available.
# File: C:/Users/free/Desktop/UNI/term6/CAD/HW3/design/src/Q1.vhd
# Warning: COMP96_0003: Source file "C:/Users/free/Desktop/UNI/term6/CAD/HW3/design/src/Q1.vhd" is empty.
# File: C:/Users/free/Desktop/UNI/term6/CAD/HW3/design/src/Q2.vhd
# Compile Package "Recursive_Functions"
# Compile Package Body "Recursive_Functions"
# Compile success 0 Errors 1 Warnings  Analysis time :  16.0 [ms]
acom -O3 -e 100 -work design -2002  $dsn/src/Q1.vhd $dsn/src/Q2.vhd
# Warning: DAGGEN_0523: The source is compiled without the -dbg switch. Line breakpoints and assertion debug will not be available.
# File: C:/Users/free/Desktop/UNI/term6/CAD/HW3/design/src/Q1.vhd
# Warning: COMP96_0003: Source file "C:/Users/free/Desktop/UNI/term6/CAD/HW3/design/src/Q1.vhd" is empty.
# File: C:/Users/free/Desktop/UNI/term6/CAD/HW3/design/src/Q2.vhd
# Compile Package "Recursive_Functions"
# Compile Package Body "Recursive_Functions"
# Compile Entity "Binary_Reverser_TB"
# Compile Architecture "sim" of Entity "Binary_Reverser_TB"
# Compile success 0 Errors 1 Warnings  Analysis time :  47.0 [ms]
acom -O3 -e 100 -work design -2002  $dsn/src/Q1.vhd $dsn/src/Q2.vhd
# Warning: DAGGEN_0523: The source is compiled without the -dbg switch. Line breakpoints and assertion debug will not be available.
# File: C:/Users/free/Desktop/UNI/term6/CAD/HW3/design/src/Q1.vhd
# Warning: COMP96_0003: Source file "C:/Users/free/Desktop/UNI/term6/CAD/HW3/design/src/Q1.vhd" is empty.
# File: C:/Users/free/Desktop/UNI/term6/CAD/HW3/design/src/Q2.vhd
# Compile Package "Recursive_Functions"
# Compile Package Body "Recursive_Functions"
# Compile Entity "Binary_Reverser_TB"
# Compile Architecture "sim" of Entity "Binary_Reverser_TB"
# Compile success 0 Errors 1 Warnings  Analysis time :  47.0 [ms]
acom -O3 -e 100 -work design -2002  $dsn/src/Q1.vhd $dsn/src/Q2.vhd
# Warning: DAGGEN_0523: The source is compiled without the -dbg switch. Line breakpoints and assertion debug will not be available.
# File: C:/Users/free/Desktop/UNI/term6/CAD/HW3/design/src/Q1.vhd
# Warning: COMP96_0003: Source file "C:/Users/free/Desktop/UNI/term6/CAD/HW3/design/src/Q1.vhd" is empty.
# File: C:/Users/free/Desktop/UNI/term6/CAD/HW3/design/src/Q2.vhd
# Compile Package "Recursive_Functions"
# Compile Package Body "Recursive_Functions"
# Compile success 0 Errors 1 Warnings  Analysis time :  31.0 [ms]
acom -O3 -e 100 -work design -2002  $dsn/src/Q1.vhd $dsn/src/Q2.vhd
# Warning: DAGGEN_0523: The source is compiled without the -dbg switch. Line breakpoints and assertion debug will not be available.
# File: C:/Users/free/Desktop/UNI/term6/CAD/HW3/design/src/Q1.vhd
# Warning: COMP96_0003: Source file "C:/Users/free/Desktop/UNI/term6/CAD/HW3/design/src/Q1.vhd" is empty.
# File: C:/Users/free/Desktop/UNI/term6/CAD/HW3/design/src/Q2.vhd
# Compile Package "Recursive_Functions"
# Compile Package Body "Recursive_Functions"
# Compile success 0 Errors 1 Warnings  Analysis time :  31.0 [ms]
acom -O3 -e 100 -work design -2002  $dsn/src/Q1.vhd $dsn/src/Q2.vhd
# Warning: DAGGEN_0523: The source is compiled without the -dbg switch. Line breakpoints and assertion debug will not be available.
# File: C:/Users/free/Desktop/UNI/term6/CAD/HW3/design/src/Q1.vhd
# Warning: COMP96_0003: Source file "C:/Users/free/Desktop/UNI/term6/CAD/HW3/design/src/Q1.vhd" is empty.
# File: C:/Users/free/Desktop/UNI/term6/CAD/HW3/design/src/Q2.vhd
# Compile Package "Recursive_Functions"
# Compile Package Body "Recursive_Functions"
# Compile success 0 Errors 1 Warnings  Analysis time :  31.0 [ms]
acom -O3 -e 100 -work design -2002  $dsn/src/Q1.vhd $dsn/src/Q2.vhd
# Warning: DAGGEN_0523: The source is compiled without the -dbg switch. Line breakpoints and assertion debug will not be available.
# File: C:/Users/free/Desktop/UNI/term6/CAD/HW3/design/src/Q1.vhd
# Warning: COMP96_0003: Source file "C:/Users/free/Desktop/UNI/term6/CAD/HW3/design/src/Q1.vhd" is empty.
# File: C:/Users/free/Desktop/UNI/term6/CAD/HW3/design/src/Q2.vhd
# Compile Entity "Recursive_Functions_Entity"
# Compile Architecture "Behavioral" of Entity "Recursive_Functions_Entity"
# A feature of VHDL 2008 has been detected. Use the -2008 argument of the vcom command.
# Error: COMP96_0019: Q2.vhd : (14, 5): Keyword 'begin' expected.
# Error: COMP96_0016: Q2.vhd : (14, 13): Design unit declaration expected.
# Compile Package "Recursive_Functions"
# Error: COMP96_0019: Q2.vhd : (22, 36): Keyword 'is' expected.
# Error: COMP96_0019: Q2.vhd : (22, 36): Keyword 'end' expected.
# Compile Package Body "Recursive_Functions"
# Error: COMP96_0016: Q2.vhd : (48, 1): Design unit declaration expected.
# Error: COMP96_0019: Q2.vhd : (52, 28): Keyword 'of' expected.
# Error: COMP96_0018: Q2.vhd : (52, 28): Identifier expected.
# Compile failure 7 Errors 1 Warnings  Analysis time :  79.0 [ms]
acom -O3 -e 100 -work design -2002  $dsn/src/Q1.vhd $dsn/src/Q2.vhd
# Warning: DAGGEN_0523: The source is compiled without the -dbg switch. Line breakpoints and assertion debug will not be available.
# File: C:/Users/free/Desktop/UNI/term6/CAD/HW3/design/src/Q1.vhd
# Warning: COMP96_0003: Source file "C:/Users/free/Desktop/UNI/term6/CAD/HW3/design/src/Q1.vhd" is empty.
# File: C:/Users/free/Desktop/UNI/term6/CAD/HW3/design/src/Q2.vhd
# Compile Package "Recursive_Functions"
# Compile Package Body "Recursive_Functions"
# Compile Entity "Recursive_Functions_Entity"
# Error: COMP96_0078: Q2.vhd : (42, 26): Unknown identifier "std_logic_vector".
# Error: COMP96_0064: Q2.vhd : (42, 26): Unknown type.
# Error: COMP96_0078: Q2.vhd : (43, 29): Unknown identifier "std_logic_vector".
# Error: COMP96_0064: Q2.vhd : (43, 29): Unknown type.
# Compile Architecture "Behavioral" of Entity "Recursive_Functions_Entity"
# Error: COMP96_0078: Q2.vhd : (49, 5): Unknown identifier "Binary_Output".
# Error: COMP96_0133: Q2.vhd : (49, 5): Cannot find object declaration.
# Error: COMP96_0078: Q2.vhd : (49, 22): Unknown identifier "Binary_Reverser".
# Error: COMP96_0078: Q2.vhd : (49, 38): Unknown identifier "BCD_to_Binary".
# Error: COMP96_0078: Q2.vhd : (49, 52): Unknown identifier "BCD_Input".
# Error: COMP96_0133: Q2.vhd : (49, 52): Cannot find object declaration.
# Error: COMP96_0133: Q2.vhd : (49, 38): Cannot find object declaration.
# Compile failure 11 Errors 1 Warnings  Analysis time :  47.0 [ms]
acom -O3 -e 100 -work design -2002  $dsn/src/Q1.vhd $dsn/src/Q2.vhd
# Warning: DAGGEN_0523: The source is compiled without the -dbg switch. Line breakpoints and assertion debug will not be available.
# File: C:/Users/free/Desktop/UNI/term6/CAD/HW3/design/src/Q1.vhd
# Warning: COMP96_0003: Source file "C:/Users/free/Desktop/UNI/term6/CAD/HW3/design/src/Q1.vhd" is empty.
# File: C:/Users/free/Desktop/UNI/term6/CAD/HW3/design/src/Q2.vhd
# Compile Package "Recursive_Functions"
# Compile Package Body "Recursive_Functions"
# Compile Entity "Recursive_Functions_Entity"
# Compile Architecture "Behavioral" of Entity "Recursive_Functions_Entity"
# Error: COMP96_0078: Q2.vhd : (53, 22): Unknown identifier "Binary_Reverser".
# Error: COMP96_0078: Q2.vhd : (53, 38): Unknown identifier "BCD_to_Binary".
# Error: COMP96_0133: Q2.vhd : (53, 38): Cannot find object declaration.
# Error: COMP96_0133: Q2.vhd : (53, 22): Cannot find object declaration.
# Error: COMP96_0289: Q2.vhd : (53, 22): Prefix of index must be an array.
# Error: COMP96_0077: Q2.vhd : (53, 22): Undefined type of expression. Expected type 'STD_LOGIC_VECTOR'.
# Compile failure 6 Errors 1 Warnings  Analysis time :  32.0 [ms]
acom -O3 -e 100 -work design -2002  $dsn/src/Q1.vhd $dsn/src/Q2.vhd
# Warning: DAGGEN_0523: The source is compiled without the -dbg switch. Line breakpoints and assertion debug will not be available.
# File: C:/Users/free/Desktop/UNI/term6/CAD/HW3/design/src/Q1.vhd
# Warning: COMP96_0003: Source file "C:/Users/free/Desktop/UNI/term6/CAD/HW3/design/src/Q1.vhd" is empty.
# File: C:/Users/free/Desktop/UNI/term6/CAD/HW3/design/src/Q2.vhd
# Compile Package "Recursive_Functions"
# Compile Package Body "Recursive_Functions"
# Compile Entity "Recursive_Functions_Entity"
# Compile Architecture "Behavioral" of Entity "Recursive_Functions_Entity"
# Error: COMP96_0093: Q2.vhd : (54, 38): The type of a parameter in a subprogram call does not match to a formal parameter of the "work.Recursive_Functions.Binary_Reverser(Binary : std_logic_vector) return STD_LOGIC_VECTOR" subprogram.
# Compile failure 1 Errors 1 Warnings  Analysis time :  31.0 [ms]
acom -O3 -e 100 -work design -2002  $dsn/src/Q1.vhd $dsn/src/Q2.vhd
# Warning: DAGGEN_0523: The source is compiled without the -dbg switch. Line breakpoints and assertion debug will not be available.
# File: C:/Users/free/Desktop/UNI/term6/CAD/HW3/design/src/Q1.vhd
# Warning: COMP96_0003: Source file "C:/Users/free/Desktop/UNI/term6/CAD/HW3/design/src/Q1.vhd" is empty.
# File: C:/Users/free/Desktop/UNI/term6/CAD/HW3/design/src/Q2.vhd
# Compile Package "Recursive_Functions"
# Compile Package Body "Recursive_Functions"
# Compile Entity "Recursive_Functions_Entity"
# Error: COMP96_0078: Q2.vhd : (45, 26): Unknown identifier "std_logic_vector".
# Error: COMP96_0064: Q2.vhd : (45, 26): Unknown type.
# Error: COMP96_0078: Q2.vhd : (46, 29): Unknown identifier "std_logic_vector".
# Error: COMP96_0064: Q2.vhd : (46, 29): Unknown type.
# Compile Architecture "Behavioral" of Entity "Recursive_Functions_Entity"
# Error: COMP96_0093: Q2.vhd : (52, 38): The type of a parameter in a subprogram call does not match to a formal parameter of the "work.Recursive_Functions.Binary_Reverser(Binary : std_logic_vector) return STD_LOGIC_VECTOR" subprogram.
# Compile failure 5 Errors 1 Warnings  Analysis time :  31.0 [ms]
acom -O3 -e 100 -work design -2002  $dsn/src/Q1.vhd $dsn/src/Q2.vhd
# Warning: DAGGEN_0523: The source is compiled without the -dbg switch. Line breakpoints and assertion debug will not be available.
# File: C:/Users/free/Desktop/UNI/term6/CAD/HW3/design/src/Q1.vhd
# Warning: COMP96_0003: Source file "C:/Users/free/Desktop/UNI/term6/CAD/HW3/design/src/Q1.vhd" is empty.
# File: C:/Users/free/Desktop/UNI/term6/CAD/HW3/design/src/Q2.vhd
# Compile Package "Recursive_Functions"
# Compile Package Body "Recursive_Functions"
# Compile Entity "Recursive_Functions_Entity"
# Compile Architecture "Behavioral" of Entity "Recursive_Functions_Entity"
# Error: COMP96_0093: Q2.vhd : (54, 38): The type of a parameter in a subprogram call does not match to a formal parameter of the "work.Recursive_Functions.Binary_Reverser(Binary : std_logic_vector) return STD_LOGIC_VECTOR" subprogram.
# Compile failure 1 Errors 1 Warnings  Analysis time :  31.0 [ms]
acom -O3 -e 100 -work design -2002  $dsn/src/Q1.vhd $dsn/src/Q2.vhd
# Warning: DAGGEN_0523: The source is compiled without the -dbg switch. Line breakpoints and assertion debug will not be available.
# File: C:/Users/free/Desktop/UNI/term6/CAD/HW3/design/src/Q1.vhd
# Warning: COMP96_0003: Source file "C:/Users/free/Desktop/UNI/term6/CAD/HW3/design/src/Q1.vhd" is empty.
# File: C:/Users/free/Desktop/UNI/term6/CAD/HW3/design/src/Q2.vhd
# Compile Package "Recursive_Functions"
# Compile Package Body "Recursive_Functions"
# Compile Entity "Recursive_Functions_Entity"
# Compile Architecture "Behavioral" of Entity "Recursive_Functions_Entity"
# Error: COMP96_0078: Q2.vhd : (54, 38): Unknown identifier "BCD_to_Binary".
# Error: COMP96_0133: Q2.vhd : (54, 38): Cannot find object declaration.
# Error: COMP96_0289: Q2.vhd : (54, 38): Prefix of index must be an array.
# Compile failure 3 Errors 1 Warnings  Analysis time :  47.0 [ms]
acom -O3 -e 100 -work design -2002  $dsn/src/Q1.vhd $dsn/src/Q2.vhd
# Warning: DAGGEN_0523: The source is compiled without the -dbg switch. Line breakpoints and assertion debug will not be available.
# File: C:/Users/free/Desktop/UNI/term6/CAD/HW3/design/src/Q1.vhd
# Warning: COMP96_0003: Source file "C:/Users/free/Desktop/UNI/term6/CAD/HW3/design/src/Q1.vhd" is empty.
# File: C:/Users/free/Desktop/UNI/term6/CAD/HW3/design/src/Q2.vhd
# Compile Package "Recursive_Functions"
# Compile Package Body "Recursive_Functions"
# Compile Entity "Recursive_Functions_Entity"
# Compile Architecture "Behavioral" of Entity "Recursive_Functions_Entity"
# Error: COMP96_0093: Q2.vhd : (54, 38): The type of a parameter in a subprogram call does not match to a formal parameter of the "work.Recursive_Functions.Binary_Reverser(Binary : std_logic_vector) return STD_LOGIC_VECTOR" subprogram.
# Compile failure 1 Errors 1 Warnings  Analysis time :  31.0 [ms]
acom -O3 -e 100 -work design -2002  $dsn/src/Q1.vhd $dsn/src/Q2.vhd
# Warning: DAGGEN_0523: The source is compiled without the -dbg switch. Line breakpoints and assertion debug will not be available.
# File: C:/Users/free/Desktop/UNI/term6/CAD/HW3/design/src/Q1.vhd
# Warning: COMP96_0003: Source file "C:/Users/free/Desktop/UNI/term6/CAD/HW3/design/src/Q1.vhd" is empty.
# File: C:/Users/free/Desktop/UNI/term6/CAD/HW3/design/src/Q2.vhd
# Compile Package "Recursive_Functions"
# Compile Package Body "Recursive_Functions"
# Compile Entity "Recursive_Functions_Entity"
# Compile Architecture "Behavioral" of Entity "Recursive_Functions_Entity"
# Error: COMP96_0093: Q2.vhd : (54, 38): The type of a parameter in a subprogram call does not match to a formal parameter of the "work.Recursive_Functions.Binary_Reverser(Binary : std_logic_vector) return STD_LOGIC_VECTOR" subprogram.
# Compile failure 1 Errors 1 Warnings  Analysis time :  31.0 [ms]
acom -O3 -e 100 -work design -2002  $dsn/src/Q1.vhd $dsn/src/Q2.vhd
# Warning: DAGGEN_0523: The source is compiled without the -dbg switch. Line breakpoints and assertion debug will not be available.
# File: C:/Users/free/Desktop/UNI/term6/CAD/HW3/design/src/Q1.vhd
# Warning: COMP96_0003: Source file "C:/Users/free/Desktop/UNI/term6/CAD/HW3/design/src/Q1.vhd" is empty.
# File: C:/Users/free/Desktop/UNI/term6/CAD/HW3/design/src/Q2.vhd
# Compile Package "Recursive_Functions"
# Compile Package Body "Recursive_Functions"
# Error: COMP96_0664: Q2.vhd : (29, 63): Value 0 out of range 1 to 2147483647.
# Error: COMP96_0064: Q2.vhd : (29, 31): Unknown type.
# Error: COMP96_0289: Q2.vhd : (32, 13): Prefix of index must be an array.
# Error: COMP96_0124: Q2.vhd : (35, 53): Illegal prefix for attribute 'VALUE.
# Error: COMP96_0137: Q2.vhd : (35, 60): This parameter is not compatible with the parameter allowed for attribute 'VALUE.
# Error: COMP96_0093: Q2.vhd : (35, 45): The type of a parameter in a subprogram call does not match to a formal parameter of the "ieee.NUMERIC_STD.TO_UNSIGNED(ARG : NATURAL; SIZE : NATURAL) return UNSIGNED" subprogram.
# Compile Entity "Recursive_Functions_Entity"
# Compile Architecture "Behavioral" of Entity "Recursive_Functions_Entity"
# Compile failure 6 Errors 1 Warnings  Analysis time :  47.0 [ms]
acom -O3 -e 100 -work design -2002  $dsn/src/Q1.vhd $dsn/src/Q2.vhd
# Warning: DAGGEN_0523: The source is compiled without the -dbg switch. Line breakpoints and assertion debug will not be available.
# File: C:/Users/free/Desktop/UNI/term6/CAD/HW3/design/src/Q1.vhd
# Warning: COMP96_0003: Source file "C:/Users/free/Desktop/UNI/term6/CAD/HW3/design/src/Q1.vhd" is empty.
# File: C:/Users/free/Desktop/UNI/term6/CAD/HW3/design/src/Q2.vhd
# Compile Package "Recursive_Functions"
# Compile Package Body "Recursive_Functions"
# Error: COMP96_0664: Q2.vhd : (29, 63): Value 0 out of range 1 to 2147483647.
# Error: COMP96_0064: Q2.vhd : (29, 31): Unknown type.
# Error: COMP96_0251: Q2.vhd : (32, 18): Discrete range in the iteration scheme is invalid.
# Error: COMP96_0289: Q2.vhd : (33, 13): Prefix of index must be an array.
# Error: COMP96_0124: Q2.vhd : (33, 54): Illegal prefix for attribute 'IMAGE.
# Error: COMP96_0289: Q2.vhd : (37, 51): Prefix of index must be an array.
# Error: COMP96_0137: Q2.vhd : (37, 51): This parameter is not compatible with the parameter allowed for attribute 'VALUE.
# Compile Entity "Recursive_Functions_Entity"
# Compile Architecture "Behavioral" of Entity "Recursive_Functions_Entity"
# Compile failure 7 Errors 1 Warnings  Analysis time :  47.0 [ms]
acom -O3 -e 100 -work design -2002  $dsn/src/Q1.vhd $dsn/src/Q2.vhd
# Warning: DAGGEN_0523: The source is compiled without the -dbg switch. Line breakpoints and assertion debug will not be available.
# File: C:/Users/free/Desktop/UNI/term6/CAD/HW3/design/src/Q1.vhd
# Warning: COMP96_0003: Source file "C:/Users/free/Desktop/UNI/term6/CAD/HW3/design/src/Q1.vhd" is empty.
# File: C:/Users/free/Desktop/UNI/term6/CAD/HW3/design/src/Q2.vhd
# Compile Package "Recursive_Functions"
# Compile Package Body "Recursive_Functions"
# Compile Entity "Recursive_Functions_Entity"
# Compile Architecture "Behavioral" of Entity "Recursive_Functions_Entity"
# Error: COMP96_0078: Q2.vhd : (57, 23): Unknown identifier "Binary_Reverser".
# Error: COMP96_0078: Q2.vhd : (57, 39): Unknown identifier "BCD_to_Binary".
# Error: COMP96_0133: Q2.vhd : (57, 39): Cannot find object declaration.
# Error: COMP96_0133: Q2.vhd : (57, 23): Cannot find object declaration.
# Error: COMP96_0289: Q2.vhd : (57, 23): Prefix of index must be an array.
# Error: COMP96_0077: Q2.vhd : (57, 23): Undefined type of expression. Expected type 'STD_LOGIC_VECTOR'.
# Compile failure 6 Errors 1 Warnings  Analysis time :  47.0 [ms]
acom -O3 -e 100 -work design -2002  $dsn/src/Q1.vhd $dsn/src/Q2.vhd
# Warning: DAGGEN_0523: The source is compiled without the -dbg switch. Line breakpoints and assertion debug will not be available.
# File: C:/Users/free/Desktop/UNI/term6/CAD/HW3/design/src/Q1.vhd
# Warning: COMP96_0003: Source file "C:/Users/free/Desktop/UNI/term6/CAD/HW3/design/src/Q1.vhd" is empty.
# File: C:/Users/free/Desktop/UNI/term6/CAD/HW3/design/src/Q2.vhd
# Compile Package "Recursive_Functions"
# Compile Package Body "Recursive_Functions"
# Compile Entity "Recursive_Functions_Entity"
# Compile Architecture "Behavioral" of Entity "Recursive_Functions_Entity"
# Error: COMP96_0093: Q2.vhd : (57, 39): The type of a parameter in a subprogram call does not match to a formal parameter of the "work.Recursive_Functions.Binary_Reverser(Binary : std_logic_vector) return STD_LOGIC_VECTOR" subprogram.
# Compile failure 1 Errors 1 Warnings  Analysis time :  31.0 [ms]
acom -O3 -e 100 -work design -2002  $dsn/src/Q1.vhd $dsn/src/Q2.vhd
# Warning: DAGGEN_0523: The source is compiled without the -dbg switch. Line breakpoints and assertion debug will not be available.
# File: C:/Users/free/Desktop/UNI/term6/CAD/HW3/design/src/Q1.vhd
# Warning: COMP96_0003: Source file "C:/Users/free/Desktop/UNI/term6/CAD/HW3/design/src/Q1.vhd" is empty.
# File: C:/Users/free/Desktop/UNI/term6/CAD/HW3/design/src/Q2.vhd
# Compile Package "Recursive_Functions"
# Compile Package Body "Recursive_Functions"
# Compile Entity "Recursive_Functions_Entity"
# Compile Architecture "Behavioral" of Entity "Recursive_Functions_Entity"
# Error: COMP96_0093: Q2.vhd : (57, 64): The type of a parameter in a subprogram call does not match to a formal parameter of the "work.Recursive_Functions.Binary_Reverser(Binary : std_logic_vector) return STD_LOGIC_VECTOR" subprogram.
# Compile failure 1 Errors 1 Warnings  Analysis time :  31.0 [ms]
acom -O3 -e 100 -work design -2002  $dsn/src/Q1.vhd $dsn/src/Q2.vhd
# Warning: DAGGEN_0523: The source is compiled without the -dbg switch. Line breakpoints and assertion debug will not be available.
# File: C:/Users/free/Desktop/UNI/term6/CAD/HW3/design/src/Q1.vhd
# Warning: COMP96_0003: Source file "C:/Users/free/Desktop/UNI/term6/CAD/HW3/design/src/Q1.vhd" is empty.
# File: C:/Users/free/Desktop/UNI/term6/CAD/HW3/design/src/Q2.vhd
# Compile Package "Recursive_Functions"
# Compile Package Body "Recursive_Functions"
# Compile Entity "Recursive_Functions_Entity"
# Compile Architecture "Behavioral" of Entity "Recursive_Functions_Entity"
# Error: COMP96_0078: Q2.vhd : (57, 23): Unknown identifier "Binary_Reverser".
# Error: COMP96_0078: Q2.vhd : (57, 39): Unknown identifier "BCD_to_Binary".
# Error: COMP96_0133: Q2.vhd : (57, 39): Cannot find object declaration.
# Error: COMP96_0133: Q2.vhd : (57, 23): Cannot find object declaration.
# Error: COMP96_0289: Q2.vhd : (57, 23): Prefix of index must be an array.
# Error: COMP96_0077: Q2.vhd : (57, 23): Undefined type of expression. Expected type 'STD_LOGIC_VECTOR'.
# Compile failure 6 Errors 1 Warnings  Analysis time :  47.0 [ms]
acom -O3 -e 100 -work design -2002  $dsn/src/Q1.vhd $dsn/src/Q2.vhd
# Warning: DAGGEN_0523: The source is compiled without the -dbg switch. Line breakpoints and assertion debug will not be available.
# File: C:/Users/free/Desktop/UNI/term6/CAD/HW3/design/src/Q1.vhd
# Warning: COMP96_0003: Source file "C:/Users/free/Desktop/UNI/term6/CAD/HW3/design/src/Q1.vhd" is empty.
# File: C:/Users/free/Desktop/UNI/term6/CAD/HW3/design/src/Q2.vhd
# Compile Package "Recursive_Functions"
# Compile Package Body "Recursive_Functions"
# Compile Entity "Recursive_Functions_Entity"
# Compile Architecture "Behavioral" of Entity "Recursive_Functions_Entity"
# Error: COMP96_0093: Q2.vhd : (57, 39): The type of a parameter in a subprogram call does not match to a formal parameter of the "work.Recursive_Functions.Binary_Reverser(Binary : std_logic_vector) return STD_LOGIC_VECTOR" subprogram.
# Compile failure 1 Errors 1 Warnings  Analysis time :  31.0 [ms]
acom -O3 -e 100 -work design -2002  $dsn/src/Q1.vhd $dsn/src/Q2.vhd
# Warning: DAGGEN_0523: The source is compiled without the -dbg switch. Line breakpoints and assertion debug will not be available.
# File: C:/Users/free/Desktop/UNI/term6/CAD/HW3/design/src/Q1.vhd
# Warning: COMP96_0003: Source file "C:/Users/free/Desktop/UNI/term6/CAD/HW3/design/src/Q1.vhd" is empty.
# File: C:/Users/free/Desktop/UNI/term6/CAD/HW3/design/src/Q2.vhd
# Compile Package "Recursive_Functions"
# Compile Package Body "Recursive_Functions"
# Compile Entity "Recursive_Functions_Entity"
# Compile Architecture "Behavioral" of Entity "Recursive_Functions_Entity"
# Compile success 0 Errors 1 Warnings  Analysis time :  47.0 [ms]
acom -O3 -e 100 -work design -2002  $dsn/src/Q1.vhd $dsn/src/Q2.vhd
# Warning: DAGGEN_0523: The source is compiled without the -dbg switch. Line breakpoints and assertion debug will not be available.
# File: C:/Users/free/Desktop/UNI/term6/CAD/HW3/design/src/Q1.vhd
# Warning: COMP96_0003: Source file "C:/Users/free/Desktop/UNI/term6/CAD/HW3/design/src/Q1.vhd" is empty.
# File: C:/Users/free/Desktop/UNI/term6/CAD/HW3/design/src/Q2.vhd
# Compile Package "Recursive_Functions"
# Compile Package Body "Recursive_Functions"
# Compile Entity "Recursive_Functions_Entity"
# Compile Architecture "Behavioral" of Entity "Recursive_Functions_Entity"
# Compile success 0 Errors 1 Warnings  Analysis time :  31.0 [ms]
acom -O3 -e 100 -work design -2002  $dsn/src/Q1.vhd $dsn/src/Q2.vhd $dsn/src/TestBench/recursive_functions_entity_TB.vhd
# Warning: DAGGEN_0523: The source is compiled without the -dbg switch. Line breakpoints and assertion debug will not be available.
# File: C:/Users/free/Desktop/UNI/term6/CAD/HW3/design/src/Q1.vhd
# Warning: COMP96_0003: Source file "C:/Users/free/Desktop/UNI/term6/CAD/HW3/design/src/Q1.vhd" is empty.
# File: C:/Users/free/Desktop/UNI/term6/CAD/HW3/design/src/Q2.vhd
# Compile Package "Recursive_Functions"
# Compile Package Body "Recursive_Functions"
# Compile Entity "Recursive_Functions_Entity"
# Compile Architecture "Behavioral" of Entity "Recursive_Functions_Entity"
# File: C:/Users/free/Desktop/UNI/term6/CAD/HW3/design/src/TestBench/recursive_functions_entity_TB.vhd
# Compile Entity "recursive_functions_entity_tb"
# Compile Architecture "TB_ARCHITECTURE" of Entity "recursive_functions_entity_tb"
# Error: COMP96_0078: TestBench/recursive_functions_entity_TB.vhd : (13, 15): Unknown identifier "STD_LOGIC_VECTOR".
# Error: COMP96_0064: TestBench/recursive_functions_entity_TB.vhd : (13, 15): Unknown type.
# Error: COMP96_0078: TestBench/recursive_functions_entity_TB.vhd : (14, 20): Unknown identifier "STD_LOGIC_VECTOR".
# Error: COMP96_0064: TestBench/recursive_functions_entity_TB.vhd : (14, 20): Unknown type.
# Error: COMP96_0078: TestBench/recursive_functions_entity_TB.vhd : (18, 18): Unknown identifier "STD_LOGIC_VECTOR".
# Error: COMP96_0064: TestBench/recursive_functions_entity_TB.vhd : (18, 18): Unknown type.
# Error: COMP96_0078: TestBench/recursive_functions_entity_TB.vhd : (20, 22): Unknown identifier "STD_LOGIC_VECTOR".
# Error: COMP96_0064: TestBench/recursive_functions_entity_TB.vhd : (20, 22): Unknown type.
# Error: COMP96_0333: TestBench/recursive_functions_entity_TB.vhd : (29, 4): Formal must be locally static name.
# Error: COMP96_0333: TestBench/recursive_functions_entity_TB.vhd : (30, 4): Formal must be locally static name.
# Compile Configuration "TESTBENCH_FOR_recursive_functions_entity"
# Error: COMP96_0209: TestBench/recursive_functions_entity_TB.vhd : (38, 6): Unknown architecture name used in configuration declaration.
# Compile failure 11 Errors 1 Warnings  Analysis time :  63.0 [ms]
acom -O3 -e 100 -work design -2002  $dsn/src/Q1.vhd $dsn/src/Q2.vhd $dsn/src/TestBench/recursive_functions_entity_TB.vhd
# Warning: DAGGEN_0523: The source is compiled without the -dbg switch. Line breakpoints and assertion debug will not be available.
# File: C:/Users/free/Desktop/UNI/term6/CAD/HW3/design/src/Q1.vhd
# Warning: COMP96_0003: Source file "C:/Users/free/Desktop/UNI/term6/CAD/HW3/design/src/Q1.vhd" is empty.
# File: C:/Users/free/Desktop/UNI/term6/CAD/HW3/design/src/Q2.vhd
# Compile Package "Recursive_Functions"
# Compile Package Body "Recursive_Functions"
# Compile Entity "Recursive_Functions_Entity"
# Compile Architecture "Behavioral" of Entity "Recursive_Functions_Entity"
# File: C:/Users/free/Desktop/UNI/term6/CAD/HW3/design/src/TestBench/recursive_functions_entity_TB.vhd
# Compile Entity "recursive_functions_entity_tb"
# Compile Architecture "TB_ARCHITECTURE" of Entity "recursive_functions_entity_tb"
# Error: COMP96_0078: TestBench/recursive_functions_entity_TB.vhd : (13, 15): Unknown identifier "STD_LOGIC_VECTOR".
# Error: COMP96_0064: TestBench/recursive_functions_entity_TB.vhd : (13, 15): Unknown type.
# Error: COMP96_0078: TestBench/recursive_functions_entity_TB.vhd : (14, 20): Unknown identifier "STD_LOGIC_VECTOR".
# Error: COMP96_0064: TestBench/recursive_functions_entity_TB.vhd : (14, 20): Unknown type.
# Error: COMP96_0078: TestBench/recursive_functions_entity_TB.vhd : (18, 18): Unknown identifier "STD_LOGIC_VECTOR".
# Error: COMP96_0064: TestBench/recursive_functions_entity_TB.vhd : (18, 18): Unknown type.
# Error: COMP96_0078: TestBench/recursive_functions_entity_TB.vhd : (20, 22): Unknown identifier "STD_LOGIC_VECTOR".
# Error: COMP96_0064: TestBench/recursive_functions_entity_TB.vhd : (20, 22): Unknown type.
# Error: COMP96_0333: TestBench/recursive_functions_entity_TB.vhd : (29, 4): Formal must be locally static name.
# Error: COMP96_0333: TestBench/recursive_functions_entity_TB.vhd : (30, 4): Formal must be locally static name.
# Compile Configuration "TESTBENCH_FOR_recursive_functions_entity"
# Error: COMP96_0209: TestBench/recursive_functions_entity_TB.vhd : (38, 6): Unknown architecture name used in configuration declaration.
# Compile failure 11 Errors 1 Warnings  Analysis time :  31.0 [ms]
acom -O3 -e 100 -work design -2002  $dsn/src/Q1.vhd $dsn/src/Q2.vhd $dsn/src/TestBench/recursive_functions_entity_TB.vhd
# Warning: DAGGEN_0523: The source is compiled without the -dbg switch. Line breakpoints and assertion debug will not be available.
# File: C:/Users/free/Desktop/UNI/term6/CAD/HW3/design/src/Q1.vhd
# Warning: COMP96_0003: Source file "C:/Users/free/Desktop/UNI/term6/CAD/HW3/design/src/Q1.vhd" is empty.
# File: C:/Users/free/Desktop/UNI/term6/CAD/HW3/design/src/Q2.vhd
# Compile Package "Recursive_Functions"
# Compile Package Body "Recursive_Functions"
# Compile Entity "Recursive_Functions_Entity"
# Compile Architecture "Behavioral" of Entity "Recursive_Functions_Entity"
# File: C:/Users/free/Desktop/UNI/term6/CAD/HW3/design/src/TestBench/recursive_functions_entity_TB.vhd
# Compile Entity "Recursive_Functions_TB"
# Compile Architecture "tb_arch" of Entity "Recursive_Functions_TB"
# Error: COMP96_0300: TestBench/recursive_functions_entity_TB.vhd : (23, 37): Cannot reference "BCD_LENGTH" until the interface list is complete.
# Warning: COMP96_0421: TestBench/recursive_functions_entity_TB.vhd : (53, 16): Array comparison is always FALSE.
# Warning: COMP96_0421: TestBench/recursive_functions_entity_TB.vhd : (59, 16): Array comparison is always FALSE.
# Warning: COMP96_0421: TestBench/recursive_functions_entity_TB.vhd : (65, 16): Array comparison is always FALSE.
# Compile failure 1 Errors 4 Warnings  Analysis time :  46.0 [ms]
acom -O3 -e 100 -work design -2002  $dsn/src/Q1.vhd $dsn/src/Q2.vhd $dsn/src/TestBench/recursive_functions_entity_TB.vhd
# Warning: DAGGEN_0523: The source is compiled without the -dbg switch. Line breakpoints and assertion debug will not be available.
# File: C:/Users/free/Desktop/UNI/term6/CAD/HW3/design/src/Q1.vhd
# Warning: COMP96_0003: Source file "C:/Users/free/Desktop/UNI/term6/CAD/HW3/design/src/Q1.vhd" is empty.
# File: C:/Users/free/Desktop/UNI/term6/CAD/HW3/design/src/Q2.vhd
# Compile Package "Recursive_Functions"
# Compile Package Body "Recursive_Functions"
# Compile Entity "Recursive_Functions_Entity"
# Compile Architecture "Behavioral" of Entity "Recursive_Functions_Entity"
# File: C:/Users/free/Desktop/UNI/term6/CAD/HW3/design/src/TestBench/recursive_functions_entity_TB.vhd
# Compile Entity "Recursive_Functions_TB"
# Compile Architecture "tb_arch" of Entity "Recursive_Functions_TB"
# Warning: ELAB1_0026: TestBench/recursive_functions_entity_TB.vhd : (35, 0): There is no default binding for component "Recursive_Functions". (No entity named "Recursive_Functions" was found).
# Warning: COMP96_0421: TestBench/recursive_functions_entity_TB.vhd : (53, 16): Array comparison is always FALSE.
# Warning: COMP96_0421: TestBench/recursive_functions_entity_TB.vhd : (59, 16): Array comparison is always FALSE.
# Warning: COMP96_0421: TestBench/recursive_functions_entity_TB.vhd : (65, 16): Array comparison is always FALSE.
# Compile success 0 Errors 5 Warnings  Analysis time :  78.0 [ms]
acom -O3 -e 100 -work design -2002  $dsn/src/Q1.vhd $dsn/src/Q2.vhd $dsn/src/TestBench/recursive_functions_entity_TB.vhd
# Warning: DAGGEN_0523: The source is compiled without the -dbg switch. Line breakpoints and assertion debug will not be available.
# File: C:/Users/free/Desktop/UNI/term6/CAD/HW3/design/src/Q1.vhd
# Warning: COMP96_0003: Source file "C:/Users/free/Desktop/UNI/term6/CAD/HW3/design/src/Q1.vhd" is empty.
# File: C:/Users/free/Desktop/UNI/term6/CAD/HW3/design/src/Q2.vhd
# Compile Package "Recursive_Functions"
# Compile Package Body "Recursive_Functions"
# Compile Entity "Recursive_Functions_Entity"
# Compile Architecture "Behavioral" of Entity "Recursive_Functions_Entity"
# File: C:/Users/free/Desktop/UNI/term6/CAD/HW3/design/src/TestBench/recursive_functions_entity_TB.vhd
# Compile Entity "Recursive_Functions_TB"
# Compile Architecture "tb_arch" of Entity "Recursive_Functions_TB"
# Warning: ELAB1_0026: TestBench/recursive_functions_entity_TB.vhd : (35, 0): There is no default binding for component "Recursive_Functions". (No entity named "Recursive_Functions" was found).
# Compile success 0 Errors 2 Warnings  Analysis time :  62.0 [ms]
acom -O3 -e 100 -work design -2002  $dsn/src/Q1.vhd $dsn/src/Q2.vhd $dsn/src/TestBench/recursive_functions_entity_TB.vhd
# Warning: DAGGEN_0523: The source is compiled without the -dbg switch. Line breakpoints and assertion debug will not be available.
# File: C:/Users/free/Desktop/UNI/term6/CAD/HW3/design/src/Q1.vhd
# Warning: COMP96_0003: Source file "C:/Users/free/Desktop/UNI/term6/CAD/HW3/design/src/Q1.vhd" is empty.
# File: C:/Users/free/Desktop/UNI/term6/CAD/HW3/design/src/Q2.vhd
# Compile Package "Recursive_Functions"
# Compile Package Body "Recursive_Functions"
# Compile Entity "Recursive_Functions_Entity"
# Compile Architecture "Behavioral" of Entity "Recursive_Functions_Entity"
# File: C:/Users/free/Desktop/UNI/term6/CAD/HW3/design/src/TestBench/recursive_functions_entity_TB.vhd
# Compile Entity "Recursive_Functions_TB"
# Compile Architecture "tb_arch" of Entity "Recursive_Functions_TB"
# Warning: ELAB1_0026: TestBench/recursive_functions_entity_TB.vhd : (35, 0): There is no default binding for component "Recursive_Functions". (No entity named "Recursive_Functions" was found).
# Compile success 0 Errors 2 Warnings  Analysis time :  47.0 [ms]
acom -O3 -e 100 -work design -2002  $dsn/src/Q1.vhd $dsn/src/Q2.vhd
# Warning: DAGGEN_0523: The source is compiled without the -dbg switch. Line breakpoints and assertion debug will not be available.
# File: C:/Users/free/Desktop/UNI/term6/CAD/HW3/design/src/Q1.vhd
# Warning: COMP96_0003: Source file "C:/Users/free/Desktop/UNI/term6/CAD/HW3/design/src/Q1.vhd" is empty.
# File: C:/Users/free/Desktop/UNI/term6/CAD/HW3/design/src/Q2.vhd
# Compile Package "Recursive_Functions"
# Compile Package Body "Recursive_Functions"
# Compile Entity "Recursive_Functions_Entity"
# Compile Architecture "Behavioral" of Entity "Recursive_Functions_Entity"
# Compile success 0 Errors 1 Warnings  Analysis time :  31.0 [ms]
acom -O3 -e 100 -work design -2002  $dsn/src/Q1.vhd $dsn/src/Q2.vhd
# Warning: DAGGEN_0523: The source is compiled without the -dbg switch. Line breakpoints and assertion debug will not be available.
# File: C:/Users/free/Desktop/UNI/term6/CAD/HW3/design/src/Q1.vhd
# Warning: COMP96_0003: Source file "C:/Users/free/Desktop/UNI/term6/CAD/HW3/design/src/Q1.vhd" is empty.
# File: C:/Users/free/Desktop/UNI/term6/CAD/HW3/design/src/Q2.vhd
# Compile Package "Recursive_Functions"
# Compile Package Body "Recursive_Functions"
# Compile Entity "Recursive_Functions_Entity"
# Compile Architecture "Behavioral" of Entity "Recursive_Functions_Entity"
# Compile success 0 Errors 1 Warnings  Analysis time :  47.0 [ms]
acom -O3 -e 100 -work design -2002  $dsn/src/Q1.vhd $dsn/src/Q2.vhd $dsn/src/TestBench/recursive_functions_entity_TB.vhd
# Warning: DAGGEN_0523: The source is compiled without the -dbg switch. Line breakpoints and assertion debug will not be available.
# File: C:/Users/free/Desktop/UNI/term6/CAD/HW3/design/src/Q1.vhd
# Warning: COMP96_0003: Source file "C:/Users/free/Desktop/UNI/term6/CAD/HW3/design/src/Q1.vhd" is empty.
# File: C:/Users/free/Desktop/UNI/term6/CAD/HW3/design/src/Q2.vhd
# Compile Package "Recursive_Functions"
# Compile Package Body "Recursive_Functions"
# Compile Entity "Recursive_Functions_Entity"
# Compile Architecture "Behavioral" of Entity "Recursive_Functions_Entity"
# File: C:/Users/free/Desktop/UNI/term6/CAD/HW3/design/src/TestBench/recursive_functions_entity_TB.vhd
# Compile Entity "recursive_functions_entity_tb"
# Compile Architecture "TB_ARCHITECTURE" of Entity "recursive_functions_entity_tb"
# Error: COMP96_0078: TestBench/recursive_functions_entity_TB.vhd : (13, 15): Unknown identifier "STD_LOGIC_VECTOR".
# Error: COMP96_0064: TestBench/recursive_functions_entity_TB.vhd : (13, 15): Unknown type.
# Error: COMP96_0078: TestBench/recursive_functions_entity_TB.vhd : (14, 20): Unknown identifier "STD_LOGIC_VECTOR".
# Error: COMP96_0064: TestBench/recursive_functions_entity_TB.vhd : (14, 20): Unknown type.
# Error: COMP96_0078: TestBench/recursive_functions_entity_TB.vhd : (18, 18): Unknown identifier "STD_LOGIC_VECTOR".
# Error: COMP96_0064: TestBench/recursive_functions_entity_TB.vhd : (18, 18): Unknown type.
# Error: COMP96_0078: TestBench/recursive_functions_entity_TB.vhd : (20, 22): Unknown identifier "STD_LOGIC_VECTOR".
# Error: COMP96_0064: TestBench/recursive_functions_entity_TB.vhd : (20, 22): Unknown type.
# Error: COMP96_0333: TestBench/recursive_functions_entity_TB.vhd : (29, 4): Formal must be locally static name.
# Error: COMP96_0333: TestBench/recursive_functions_entity_TB.vhd : (30, 4): Formal must be locally static name.
# Compile Configuration "TESTBENCH_FOR_recursive_functions_entity"
# Error: COMP96_0209: TestBench/recursive_functions_entity_TB.vhd : (38, 6): Unknown architecture name used in configuration declaration.
# Compile failure 11 Errors 1 Warnings  Analysis time :  47.0 [ms]
acom -O3 -e 100 -work design -2002  $dsn/src/Q1.vhd $dsn/src/Q2.vhd $dsn/src/TestBench/recursive_functions_entity_TB.vhd
# Warning: DAGGEN_0523: The source is compiled without the -dbg switch. Line breakpoints and assertion debug will not be available.
# File: C:/Users/free/Desktop/UNI/term6/CAD/HW3/design/src/Q1.vhd
# Warning: COMP96_0003: Source file "C:/Users/free/Desktop/UNI/term6/CAD/HW3/design/src/Q1.vhd" is empty.
# File: C:/Users/free/Desktop/UNI/term6/CAD/HW3/design/src/Q2.vhd
# Compile Package "Recursive_Functions"
# Compile Package Body "Recursive_Functions"
# Compile Entity "Recursive_Functions_Entity"
# Compile Architecture "Behavioral" of Entity "Recursive_Functions_Entity"
# File: C:/Users/free/Desktop/UNI/term6/CAD/HW3/design/src/TestBench/recursive_functions_entity_TB.vhd
# Compile Entity "recursive_functions_entity_tb"
# Error: COMP96_0270: TestBench/recursive_functions_entity_TB.vhd : (2, 11): "Recursive_Functions_Entity" is not a library nor a package.
# Error: COMP96_0055: TestBench/recursive_functions_entity_TB.vhd : (2, 39): Cannot find context item "design.Recursive_Functions_Entity.all".
# Compile Architecture "TB_ARCHITECTURE" of Entity "recursive_functions_entity_tb"
# Error: COMP96_0078: TestBench/recursive_functions_entity_TB.vhd : (13, 15): Unknown identifier "STD_LOGIC_VECTOR".
# Error: COMP96_0064: TestBench/recursive_functions_entity_TB.vhd : (13, 15): Unknown type.
# Error: COMP96_0078: TestBench/recursive_functions_entity_TB.vhd : (14, 20): Unknown identifier "STD_LOGIC_VECTOR".
# Error: COMP96_0064: TestBench/recursive_functions_entity_TB.vhd : (14, 20): Unknown type.
# Error: COMP96_0078: TestBench/recursive_functions_entity_TB.vhd : (18, 18): Unknown identifier "STD_LOGIC_VECTOR".
# Error: COMP96_0064: TestBench/recursive_functions_entity_TB.vhd : (18, 18): Unknown type.
# Error: COMP96_0078: TestBench/recursive_functions_entity_TB.vhd : (20, 22): Unknown identifier "STD_LOGIC_VECTOR".
# Error: COMP96_0064: TestBench/recursive_functions_entity_TB.vhd : (20, 22): Unknown type.
# Error: COMP96_0333: TestBench/recursive_functions_entity_TB.vhd : (29, 4): Formal must be locally static name.
# Error: COMP96_0333: TestBench/recursive_functions_entity_TB.vhd : (30, 4): Formal must be locally static name.
# Compile Configuration "TESTBENCH_FOR_recursive_functions_entity"
# Error: COMP96_0209: TestBench/recursive_functions_entity_TB.vhd : (38, 6): Unknown architecture name used in configuration declaration.
# Compile failure 13 Errors 1 Warnings  Analysis time :  78.0 [ms]
acom -O3 -e 100 -work design -2002  $dsn/src/Q1.vhd $dsn/src/Q2.vhd $dsn/src/TestBench/recursive_functions_entity_TB.vhd
# Warning: DAGGEN_0523: The source is compiled without the -dbg switch. Line breakpoints and assertion debug will not be available.
# File: C:/Users/free/Desktop/UNI/term6/CAD/HW3/design/src/Q1.vhd
# Warning: COMP96_0003: Source file "C:/Users/free/Desktop/UNI/term6/CAD/HW3/design/src/Q1.vhd" is empty.
# File: C:/Users/free/Desktop/UNI/term6/CAD/HW3/design/src/Q2.vhd
# Compile Package "Recursive_Functions"
# Compile Package Body "Recursive_Functions"
# Compile Entity "Recursive_Functions_Entity"
# Compile Architecture "Behavioral" of Entity "Recursive_Functions_Entity"
# File: C:/Users/free/Desktop/UNI/term6/CAD/HW3/design/src/TestBench/recursive_functions_entity_TB.vhd
# Compile Entity "recursive_functions_entity_tb"
# Compile Architecture "TB_ARCHITECTURE" of Entity "recursive_functions_entity_tb"
# Error: COMP96_0078: TestBench/recursive_functions_entity_TB.vhd : (13, 15): Unknown identifier "STD_LOGIC_VECTOR".
# Error: COMP96_0064: TestBench/recursive_functions_entity_TB.vhd : (13, 15): Unknown type.
# Error: COMP96_0078: TestBench/recursive_functions_entity_TB.vhd : (14, 20): Unknown identifier "STD_LOGIC_VECTOR".
# Error: COMP96_0064: TestBench/recursive_functions_entity_TB.vhd : (14, 20): Unknown type.
# Error: COMP96_0078: TestBench/recursive_functions_entity_TB.vhd : (18, 18): Unknown identifier "STD_LOGIC_VECTOR".
# Error: COMP96_0064: TestBench/recursive_functions_entity_TB.vhd : (18, 18): Unknown type.
# Error: COMP96_0078: TestBench/recursive_functions_entity_TB.vhd : (20, 22): Unknown identifier "STD_LOGIC_VECTOR".
# Error: COMP96_0064: TestBench/recursive_functions_entity_TB.vhd : (20, 22): Unknown type.
# Error: COMP96_0333: TestBench/recursive_functions_entity_TB.vhd : (29, 4): Formal must be locally static name.
# Error: COMP96_0333: TestBench/recursive_functions_entity_TB.vhd : (30, 4): Formal must be locally static name.
# Compile Configuration "TESTBENCH_FOR_recursive_functions_entity"
# Error: COMP96_0209: TestBench/recursive_functions_entity_TB.vhd : (38, 6): Unknown architecture name used in configuration declaration.
# Compile failure 11 Errors 1 Warnings  Analysis time :  47.0 [ms]
acom -O3 -e 100 -work design -2002  $dsn/src/Q1.vhd $dsn/src/Q2.vhd $dsn/src/TestBench/recursive_functions_entity_TB.vhd
# Warning: DAGGEN_0523: The source is compiled without the -dbg switch. Line breakpoints and assertion debug will not be available.
# File: C:/Users/free/Desktop/UNI/term6/CAD/HW3/design/src/Q1.vhd
# Warning: COMP96_0003: Source file "C:/Users/free/Desktop/UNI/term6/CAD/HW3/design/src/Q1.vhd" is empty.
# File: C:/Users/free/Desktop/UNI/term6/CAD/HW3/design/src/Q2.vhd
# Compile Package "Recursive_Functions"
# Compile Package Body "Recursive_Functions"
# Compile Entity "Recursive_Functions_Entity"
# Compile Architecture "Behavioral" of Entity "Recursive_Functions_Entity"
# File: C:/Users/free/Desktop/UNI/term6/CAD/HW3/design/src/TestBench/recursive_functions_entity_TB.vhd
# Compile Entity "recursive_functions_entity_tb"
# Error: COMP96_0078: TestBench/recursive_functions_entity_TB.vhd : (3, 5): Unknown identifier "ieee".
# Compile Architecture "TB_ARCHITECTURE" of Entity "recursive_functions_entity_tb"
# Error: COMP96_0078: TestBench/recursive_functions_entity_TB.vhd : (14, 15): Unknown identifier "STD_LOGIC_VECTOR".
# Error: COMP96_0064: TestBench/recursive_functions_entity_TB.vhd : (14, 15): Unknown type.
# Error: COMP96_0078: TestBench/recursive_functions_entity_TB.vhd : (15, 20): Unknown identifier "STD_LOGIC_VECTOR".
# Error: COMP96_0064: TestBench/recursive_functions_entity_TB.vhd : (15, 20): Unknown type.
# Error: COMP96_0078: TestBench/recursive_functions_entity_TB.vhd : (19, 18): Unknown identifier "STD_LOGIC_VECTOR".
# Error: COMP96_0064: TestBench/recursive_functions_entity_TB.vhd : (19, 18): Unknown type.
# Error: COMP96_0078: TestBench/recursive_functions_entity_TB.vhd : (21, 22): Unknown identifier "STD_LOGIC_VECTOR".
# Error: COMP96_0064: TestBench/recursive_functions_entity_TB.vhd : (21, 22): Unknown type.
# Error: COMP96_0333: TestBench/recursive_functions_entity_TB.vhd : (30, 4): Formal must be locally static name.
# Error: COMP96_0333: TestBench/recursive_functions_entity_TB.vhd : (31, 4): Formal must be locally static name.
# Compile Configuration "TESTBENCH_FOR_recursive_functions_entity"
# Error: COMP96_0209: TestBench/recursive_functions_entity_TB.vhd : (39, 6): Unknown architecture name used in configuration declaration.
# Compile failure 12 Errors 1 Warnings  Analysis time :  78.0 [ms]
acom -O3 -e 100 -work design -2002  $dsn/src/Q1.vhd $dsn/src/Q2.vhd $dsn/src/TestBench/recursive_functions_entity_TB.vhd
# Warning: DAGGEN_0523: The source is compiled without the -dbg switch. Line breakpoints and assertion debug will not be available.
# File: C:/Users/free/Desktop/UNI/term6/CAD/HW3/design/src/Q1.vhd
# Warning: COMP96_0003: Source file "C:/Users/free/Desktop/UNI/term6/CAD/HW3/design/src/Q1.vhd" is empty.
# File: C:/Users/free/Desktop/UNI/term6/CAD/HW3/design/src/Q2.vhd
# Compile Package "Recursive_Functions"
# Compile Package Body "Recursive_Functions"
# Compile Entity "Recursive_Functions_Entity"
# Compile Architecture "Behavioral" of Entity "Recursive_Functions_Entity"
# File: C:/Users/free/Desktop/UNI/term6/CAD/HW3/design/src/TestBench/recursive_functions_entity_TB.vhd
# Compile Entity "recursive_functions_entity_tb"
# Compile Architecture "TB_ARCHITECTURE" of Entity "recursive_functions_entity_tb"
# Error: COMP96_0117: TestBench/recursive_functions_entity_TB.vhd : (20, 18): Array type for "BCD_In" is not constrained.
# Error: COMP96_0117: TestBench/recursive_functions_entity_TB.vhd : (22, 22): Array type for "Binary_Out" is not constrained.
# Compile Configuration "TESTBENCH_FOR_recursive_functions_entity"
# Error: COMP96_0209: TestBench/recursive_functions_entity_TB.vhd : (40, 6): Unknown architecture name used in configuration declaration.
# Compile failure 3 Errors 1 Warnings  Analysis time :  78.0 [ms]
acom -O3 -e 100 -work design -2002  $dsn/src/Q1.vhd $dsn/src/Q2.vhd $dsn/src/TestBench/recursive_functions_entity_TB.vhd
# Warning: DAGGEN_0523: The source is compiled without the -dbg switch. Line breakpoints and assertion debug will not be available.
# File: C:/Users/free/Desktop/UNI/term6/CAD/HW3/design/src/Q1.vhd
# Warning: COMP96_0003: Source file "C:/Users/free/Desktop/UNI/term6/CAD/HW3/design/src/Q1.vhd" is empty.
# File: C:/Users/free/Desktop/UNI/term6/CAD/HW3/design/src/Q2.vhd
# Compile Package "Recursive_Functions"
# Compile Package Body "Recursive_Functions"
# Compile Entity "Recursive_Functions_Entity"
# Compile Architecture "Behavioral" of Entity "Recursive_Functions_Entity"
# File: C:/Users/free/Desktop/UNI/term6/CAD/HW3/design/src/TestBench/recursive_functions_entity_TB.vhd
# Compile Entity "recursive_functions_entity_tb"
# Compile Architecture "TB_ARCHITECTURE" of Entity "recursive_functions_entity_tb"
# Compile success 0 Errors 1 Warnings  Analysis time :  63.0 [ms]
acom -O3 -e 100 -work design -2002  $dsn/src/Q1.vhd $dsn/src/Q2.vhd $dsn/src/TestBench/recursive_functions_entity_TB.vhd
# Warning: DAGGEN_0523: The source is compiled without the -dbg switch. Line breakpoints and assertion debug will not be available.
# File: C:/Users/free/Desktop/UNI/term6/CAD/HW3/design/src/Q1.vhd
# Warning: COMP96_0003: Source file "C:/Users/free/Desktop/UNI/term6/CAD/HW3/design/src/Q1.vhd" is empty.
# File: C:/Users/free/Desktop/UNI/term6/CAD/HW3/design/src/Q2.vhd
# Compile Package "Recursive_Functions"
# Compile Package Body "Recursive_Functions"
# Compile Entity "Recursive_Functions_Entity"
# Compile Architecture "Behavioral" of Entity "Recursive_Functions_Entity"
# File: C:/Users/free/Desktop/UNI/term6/CAD/HW3/design/src/TestBench/recursive_functions_entity_TB.vhd
# Compile Entity "recursive_functions_entity_tb"
# Compile Architecture "TB_ARCHITECTURE" of Entity "recursive_functions_entity_tb"
# Compile Configuration "TESTBENCH_FOR_recursive_functions_entity"
# Compile success 0 Errors 1 Warnings  Analysis time :  78.0 [ms]
# ELBREAD: Elaboration process.
# ELBREAD: Elaboration time 0.0 [s].
asim -O5 +access +r +m+recursive_functions_entity_tb recursive_functions_entity_tb TB_ARCHITECTURE
# ELBREAD: Elaboration process.
# ELBREAD: Elaboration time 0.0 [s].
# VSIM: Stack memory: 32MB
# VSIM: Retval memory: 32MB
# KERNEL: Main thread initiated.
# KERNEL: Kernel process initialization phase.
# ELAB2: Elaboration final pass...
# ELAB2: Create instances ...
# KERNEL: Time resolution set to 1ps.
# ELAB2: Create instances complete.
# SLP: Started
# SLP: Elaboration phase ...
# SLP: Elaboration phase ... skipped, nothing to simulate in SLP mode : 0.0 [s]
# SLP: Finished : 0.0 [s]
# ELAB2: Elaboration final pass complete - time: 0.1 [s].
# KERNEL: Kernel process initialization done.
# Allocation: Simulator allocated 5437 kB (elbread=427 elab2=4870 kernel=138 sdf=0)
# KERNEL: ASDB file was created in location C:\Users\free\Desktop\UNI\term6\CAD\HW3\design\src\wave.asdb
#  9:42 PM, Saturday, June 3, 2023
#  Simulation has been initialized
run @10ns
# RUNTIME: Fatal Error: RUNTIME_0090 Q2.vhd (23): Direction of the discrete range must be the same as that of the prefix of the slice name.
# KERNEL: Time: 0 ps,  Iteration: 0,  Instance: /recursive_functions_entity_tb/UUT,  Process: line__54.
# KERNEL: Stopped at time 0 ps + 0.
# VSIM: Error: Fatal error occurred during simulation.
run @10ns
# add wave -noreg {/recursive_functions_entity_tb/BCD_In}
# add wave -noreg {/recursive_functions_entity_tb/Binary_Out}
# 2 object(s) traced.
# Waveform file 'untitled.awc' connected to 'C:/Users/free/Desktop/UNI/term6/CAD/HW3/design/src/wave.asdb'.
run @10ns
run @10ns
endsim
# VSIM: Simulation has finished.
asim -O5 +access +r +m+recursive_functions_entity_tb recursive_functions_entity_tb TB_ARCHITECTURE
# ELBREAD: Elaboration process.
# ELBREAD: Elaboration time 0.0 [s].
# VSIM: Stack memory: 32MB
# VSIM: Retval memory: 32MB
# KERNEL: Main thread initiated.
# KERNEL: Kernel process initialization phase.
# ELAB2: Elaboration final pass...
# ELAB2: Create instances ...
# KERNEL: Time resolution set to 1ps.
# ELAB2: Create instances complete.
# SLP: Started
# SLP: Elaboration phase ...
# SLP: Elaboration phase ... skipped, nothing to simulate in SLP mode : 0.0 [s]
# SLP: Finished : 0.0 [s]
# ELAB2: Elaboration final pass complete - time: 0.0 [s].
# KERNEL: Kernel process initialization done.
# Allocation: Simulator allocated 5437 kB (elbread=427 elab2=4870 kernel=138 sdf=0)
# KERNEL: ASDB file was created in location C:\Users\free\Desktop\UNI\term6\CAD\HW3\design\src\wave.asdb
#  9:43 PM, Saturday, June 3, 2023
#  Simulation has been initialized
# Waveform file 'untitled.awc' connected to 'C:/Users/free/Desktop/UNI/term6/CAD/HW3/design/src/wave.asdb'.
run @10ns
# RUNTIME: Fatal Error: RUNTIME_0090 Q2.vhd (23): Direction of the discrete range must be the same as that of the prefix of the slice name.
# KERNEL: Time: 0 ps,  Iteration: 0,  Instance: /recursive_functions_entity_tb/UUT,  Process: line__54.
# KERNEL: Stopped at time 0 ps + 0.
# VSIM: Error: Fatal error occurred during simulation.
# add wave -noreg {/recursive_functions_entity_tb/BCD_In}
# add wave -noreg {/recursive_functions_entity_tb/Binary_Out}
# 2 object(s) traced.
run @10ns
endsim
# VSIM: Simulation has finished.
acom -O3 -e 100 -work design -2002  $dsn/src/Q1.vhd $dsn/src/Q2.vhd $dsn/src/Q3.vhd $dsn/src/TestBench/recursive_functions_entity_TB.vhd
# Warning: DAGGEN_0523: The source is compiled without the -dbg switch. Line breakpoints and assertion debug will not be available.
# File: C:/Users/free/Desktop/UNI/term6/CAD/HW3/design/src/Q1.vhd
# Warning: COMP96_0003: Source file "C:/Users/free/Desktop/UNI/term6/CAD/HW3/design/src/Q1.vhd" is empty.
# File: C:/Users/free/Desktop/UNI/term6/CAD/HW3/design/src/Q2.vhd
# Compile Package "Recursive_Functions"
# Compile Package Body "Recursive_Functions"
# Compile Entity "Recursive_Functions_Entity"
# Compile Architecture "Behavioral" of Entity "Recursive_Functions_Entity"
# File: C:/Users/free/Desktop/UNI/term6/CAD/HW3/design/src/Q3.vhd
# Compile Package "convolution_pkg"
# Error: COMP96_0028: Q3.vhd : (15, 32): Identifier or keyword expected.
# Error: COMP96_0015: Q3.vhd : (15, 32): ';' expected.
# Error: COMP96_0028: Q3.vhd : (35, 32): Identifier or keyword expected.
# Error: COMP96_0015: Q3.vhd : (35, 32): ';' expected.
# Error: COMP96_0031: Q3.vhd : (46, 38): Simple expression expected.
# Error: COMP96_0019: Q3.vhd : (53, 1): Keyword 'begin' expected.
# File: C:/Users/free/Desktop/UNI/term6/CAD/HW3/design/src/TestBench/recursive_functions_entity_TB.vhd
# Compile Entity "recursive_functions_entity_tb"
# Compile Architecture "TB_ARCHITECTURE" of Entity "recursive_functions_entity_tb"
# Compile Configuration "TESTBENCH_FOR_recursive_functions_entity"
# Compile failure 6 Errors 1 Warnings  Analysis time :  78.0 [ms]
acom -O3 -e 100 -work design -2002  $dsn/src/Q1.vhd $dsn/src/Q2.vhd $dsn/src/Q3.vhd $dsn/src/TestBench/recursive_functions_entity_TB.vhd
# Warning: DAGGEN_0523: The source is compiled without the -dbg switch. Line breakpoints and assertion debug will not be available.
# File: C:/Users/free/Desktop/UNI/term6/CAD/HW3/design/src/Q1.vhd
# Warning: COMP96_0003: Source file "C:/Users/free/Desktop/UNI/term6/CAD/HW3/design/src/Q1.vhd" is empty.
# File: C:/Users/free/Desktop/UNI/term6/CAD/HW3/design/src/Q2.vhd
# Compile Package "Recursive_Functions"
# Compile Package Body "Recursive_Functions"
# Compile Entity "Recursive_Functions_Entity"
# Compile Architecture "Behavioral" of Entity "Recursive_Functions_Entity"
# File: C:/Users/free/Desktop/UNI/term6/CAD/HW3/design/src/Q3.vhd
# Compile Package "convolution_pkg"
# Error: COMP96_0028: Q3.vhd : (15, 32): Identifier or keyword expected.
# Error: COMP96_0015: Q3.vhd : (15, 32): ';' expected.
# Error: COMP96_0028: Q3.vhd : (35, 32): Identifier or keyword expected.
# Error: COMP96_0015: Q3.vhd : (35, 32): ';' expected.
# Error: COMP96_0031: Q3.vhd : (46, 38): Simple expression expected.
# Error: COMP96_0019: Q3.vhd : (53, 1): Keyword 'begin' expected.
# Error: COMP96_0016: Q3.vhd : (55, 1): Design unit declaration expected.
# File: C:/Users/free/Desktop/UNI/term6/CAD/HW3/design/src/TestBench/recursive_functions_entity_TB.vhd
# Compile Entity "recursive_functions_entity_tb"
# Compile Architecture "TB_ARCHITECTURE" of Entity "recursive_functions_entity_tb"
# Compile Configuration "TESTBENCH_FOR_recursive_functions_entity"
# Compile failure 7 Errors 1 Warnings  Analysis time :  78.0 [ms]
acom -O3 -e 100 -work design -2002  $dsn/src/Q1.vhd $dsn/src/Q2.vhd $dsn/src/Q3.vhd $dsn/src/TestBench/recursive_functions_entity_TB.vhd
# Warning: DAGGEN_0523: The source is compiled without the -dbg switch. Line breakpoints and assertion debug will not be available.
# File: C:/Users/free/Desktop/UNI/term6/CAD/HW3/design/src/Q1.vhd
# Warning: COMP96_0003: Source file "C:/Users/free/Desktop/UNI/term6/CAD/HW3/design/src/Q1.vhd" is empty.
# File: C:/Users/free/Desktop/UNI/term6/CAD/HW3/design/src/Q2.vhd
# Compile Package "Recursive_Functions"
# Compile Package Body "Recursive_Functions"
# Compile Entity "Recursive_Functions_Entity"
# Compile Architecture "Behavioral" of Entity "Recursive_Functions_Entity"
# File: C:/Users/free/Desktop/UNI/term6/CAD/HW3/design/src/Q3.vhd
# Compile Package "Convolution_Package"
# Compile Entity "Convolution_Unit"
# Compile Architecture "Behavioral" of Entity "Convolution_Unit"
# Compile Entity "Convolution_Main"
# Error: COMP96_0078: Q3.vhd : (47, 16): Unknown identifier "Image_Array".
# Error: COMP96_0064: Q3.vhd : (47, 16): Unknown type.
# Error: COMP96_0078: Q3.vhd : (48, 17): Unknown identifier "Filter_Array".
# Error: COMP96_0064: Q3.vhd : (48, 17): Unknown type.
# Error: COMP96_0078: Q3.vhd : (49, 22): Unknown identifier "Image_Array".
# Error: COMP96_0064: Q3.vhd : (49, 22): Unknown type.
# Compile Architecture "Behavioral" of Entity "Convolution_Main"
# Error: COMP96_0056: Q3.vhd : (53, 1): Cannot find referenced entity declaration "Convolution_Main".
# File: C:/Users/free/Desktop/UNI/term6/CAD/HW3/design/src/TestBench/recursive_functions_entity_TB.vhd
# Compile Entity "recursive_functions_entity_tb"
# Compile Architecture "TB_ARCHITECTURE" of Entity "recursive_functions_entity_tb"
# Compile Configuration "TESTBENCH_FOR_recursive_functions_entity"
# Compile failure 7 Errors 1 Warnings  Analysis time :  0.1 [s]
acom -O3 -e 100 -work design -2002  $dsn/src/Q1.vhd $dsn/src/Q2.vhd $dsn/src/Q3.vhd $dsn/src/TestBench/recursive_functions_entity_TB.vhd
# Warning: DAGGEN_0523: The source is compiled without the -dbg switch. Line breakpoints and assertion debug will not be available.
# File: C:/Users/free/Desktop/UNI/term6/CAD/HW3/design/src/Q1.vhd
# Warning: COMP96_0003: Source file "C:/Users/free/Desktop/UNI/term6/CAD/HW3/design/src/Q1.vhd" is empty.
# File: C:/Users/free/Desktop/UNI/term6/CAD/HW3/design/src/Q2.vhd
# Compile Package "Recursive_Functions"
# Compile Package Body "Recursive_Functions"
# Compile Entity "Recursive_Functions_Entity"
# Compile Architecture "Behavioral" of Entity "Recursive_Functions_Entity"
# File: C:/Users/free/Desktop/UNI/term6/CAD/HW3/design/src/Q3.vhd
# Compile Package "Convolution_Package"
# Compile Entity "Convolution_Unit"
# Compile Architecture "Behavioral" of Entity "Convolution_Unit"
# Compile Entity "Convolution_Main"
# Error: COMP96_0078: Q3.vhd : (53, 16): Unknown identifier "Image_Array".
# Error: COMP96_0064: Q3.vhd : (53, 16): Unknown type.
# Error: COMP96_0078: Q3.vhd : (54, 17): Unknown identifier "Filter_Array".
# Error: COMP96_0064: Q3.vhd : (54, 17): Unknown type.
# Error: COMP96_0078: Q3.vhd : (55, 22): Unknown identifier "Image_Array".
# Error: COMP96_0064: Q3.vhd : (55, 22): Unknown type.
# Compile Architecture "Behavioral" of Entity "Convolution_Main"
# Error: COMP96_0056: Q3.vhd : (59, 1): Cannot find referenced entity declaration "Convolution_Main".
# File: C:/Users/free/Desktop/UNI/term6/CAD/HW3/design/src/TestBench/recursive_functions_entity_TB.vhd
# Compile Entity "recursive_functions_entity_tb"
# Compile Architecture "TB_ARCHITECTURE" of Entity "recursive_functions_entity_tb"
# Compile Configuration "TESTBENCH_FOR_recursive_functions_entity"
# Compile failure 7 Errors 1 Warnings  Analysis time :  78.0 [ms]
acom -O3 -e 100 -work design -2002  $dsn/src/Q1.vhd $dsn/src/Q2.vhd $dsn/src/Q3.vhd $dsn/src/TestBench/recursive_functions_entity_TB.vhd
# Warning: DAGGEN_0523: The source is compiled without the -dbg switch. Line breakpoints and assertion debug will not be available.
# File: C:/Users/free/Desktop/UNI/term6/CAD/HW3/design/src/Q1.vhd
# Warning: COMP96_0003: Source file "C:/Users/free/Desktop/UNI/term6/CAD/HW3/design/src/Q1.vhd" is empty.
# File: C:/Users/free/Desktop/UNI/term6/CAD/HW3/design/src/Q2.vhd
# Compile Package "Recursive_Functions"
# Compile Package Body "Recursive_Functions"
# Compile Entity "Recursive_Functions_Entity"
# Compile Architecture "Behavioral" of Entity "Recursive_Functions_Entity"
# File: C:/Users/free/Desktop/UNI/term6/CAD/HW3/design/src/Q3.vhd
# Compile Package "Convolution_Package"
# Compile Entity "Convolution_Unit"
# Compile Architecture "Behavioral" of Entity "Convolution_Unit"
# Compile Entity "Convolution_Main"
# Compile Architecture "Behavioral" of Entity "Convolution_Main"
# Error: COMP96_0064: Q3.vhd : (68, 52): Unknown type.
# Error: COMP96_0078: Q3.vhd : (69, 23): Unknown identifier "Convolution_Unit_Array".
# Error: COMP96_0064: Q3.vhd : (69, 23): Unknown type.
# Error: COMP96_0356: Q3.vhd : (74, 34): Index constraint cannot be applied to constrained type.
# Error: COMP96_0289: Q3.vhd : (90, 7): Prefix of index must be an array.
# Error: COMP96_0289: Q3.vhd : (91, 7): Prefix of index must be an array.
# Error: COMP96_0242: Q3.vhd : (94, 5): Wait statement in process with explicit sensitivity list is not allowed.
# Error: COMP96_0289: Q3.vhd : (97, 35): Prefix of index must be an array.
# Error: COMP96_0077: Q3.vhd : (97, 35): Undefined type of expression. Expected type 'INTEGER'.
# File: C:/Users/free/Desktop/UNI/term6/CAD/HW3/design/src/TestBench/recursive_functions_entity_TB.vhd
# Compile Entity "recursive_functions_entity_tb"
# Compile Architecture "TB_ARCHITECTURE" of Entity "recursive_functions_entity_tb"
# Compile Configuration "TESTBENCH_FOR_recursive_functions_entity"
# Compile failure 9 Errors 1 Warnings  Analysis time :  62.0 [ms]
acom -O3 -e 100 -work design -2002  $dsn/src/Q1.vhd $dsn/src/Q2.vhd $dsn/src/Q3.vhd $dsn/src/TestBench/recursive_functions_entity_TB.vhd
# Warning: DAGGEN_0523: The source is compiled without the -dbg switch. Line breakpoints and assertion debug will not be available.
# File: C:/Users/free/Desktop/UNI/term6/CAD/HW3/design/src/Q1.vhd
# Warning: COMP96_0003: Source file "C:/Users/free/Desktop/UNI/term6/CAD/HW3/design/src/Q1.vhd" is empty.
# File: C:/Users/free/Desktop/UNI/term6/CAD/HW3/design/src/Q2.vhd
# Compile Package "Recursive_Functions"
# Compile Package Body "Recursive_Functions"
# Compile Entity "Recursive_Functions_Entity"
# Compile Architecture "Behavioral" of Entity "Recursive_Functions_Entity"
# File: C:/Users/free/Desktop/UNI/term6/CAD/HW3/design/src/Q3.vhd
# Compile Package "Convolution_Package"
# Compile Package Body "Convolution_Package"
# Error: COMP96_0124: Q3.vhd : (18, 26): Illegal prefix for attribute 'range.
# Error: COMP96_0124: Q3.vhd : (19, 28): Illegal prefix for attribute 'range.
# Error: COMP96_0326: Q3.vhd : (19, 35): Attribute parameter 2 is greater than array dimension 1.
# Error: COMP96_0283: Q3.vhd : (20, 48): Actual index positions do not correspond to index positions in type declaration.
# Error: COMP96_0283: Q3.vhd : (20, 28): Actual index positions do not correspond to index positions in type declaration.
# Error: COMP96_0753: Q3.vhd : (20, 48): Cannot find the "*" operator with operands denoted with the "[INTEGER, REAL]" signature.
# Error: COMP96_0077: Q3.vhd : (20, 19): Undefined type of expression. Expected type 'REAL'.
# Compile Entity "Convolution_Unit"
# Error: COMP96_0078: Q3.vhd : (36, 22): Unknown identifier "Convolution_Package".
# Error: COMP96_0133: Q3.vhd : (36, 22): Cannot find object declaration.
# Error: COMP96_0064: Q3.vhd : (36, 22): Unknown type.
# Error: COMP96_0078: Q3.vhd : (37, 17): Unknown identifier "Convolution_Package".
# Error: COMP96_0133: Q3.vhd : (37, 17): Cannot find object declaration.
# Error: COMP96_0064: Q3.vhd : (37, 17): Unknown type.
# Compile Architecture "Behavioral" of Entity "Convolution_Unit"
# Error: VLM_0009: Q3.vhd : (43, 1): Entity "design.Convolution_Unit" must be recompiled because package "design.Convolution_Package" has changed.
# Error: COMP96_0056: Q3.vhd : (43, 1): Cannot find referenced entity declaration "Convolution_Unit".
# Compile Entity "Main_Component"
# Error: COMP96_0078: Q3.vhd : (67, 22): Unknown identifier "Convolution_Package".
# Error: COMP96_0133: Q3.vhd : (67, 22): Cannot find object declaration.
# Error: COMP96_0064: Q3.vhd : (67, 22): Unknown type.
# Error: COMP96_0078: Q3.vhd : (68, 17): Unknown identifier "Convolution_Package".
# Error: COMP96_0133: Q3.vhd : (68, 17): Cannot find object declaration.
# Error: COMP96_0064: Q3.vhd : (68, 17): Unknown type.
# Error: COMP96_0078: Q3.vhd : (69, 30): Unknown identifier "Convolution_Package".
# Error: COMP96_0133: Q3.vhd : (69, 30): Cannot find object declaration.
# Error: COMP96_0064: Q3.vhd : (69, 30): Unknown type.
# Compile Architecture "Behavioral" of Entity "Main_Component"
# Error: COMP96_0517: Q3.vhd : (90, 29): Unknown syntax error.
# Compile Entity "Testbench"
# Compile Architecture "Behavioral" of Entity "Testbench"
# Error: COMP96_0078: Q3.vhd : (104, 24): Unknown identifier "Convolution_Package".
# Error: COMP96_0133: Q3.vhd : (104, 24): Cannot find object declaration.
# Error: COMP96_0064: Q3.vhd : (104, 24): Unknown type.
# Error: COMP96_0078: Q3.vhd : (105, 19): Unknown identifier "Convolution_Package".
# Error: COMP96_0133: Q3.vhd : (105, 19): Cannot find object declaration.
# Error: COMP96_0064: Q3.vhd : (105, 19): Unknown type.
# Error: COMP96_0078: Q3.vhd : (106, 31): Unknown identifier "Convolution_Package".
# Error: COMP96_0133: Q3.vhd : (106, 31): Cannot find object declaration.
# Error: COMP96_0064: Q3.vhd : (106, 31): Unknown type.
# Error: COMP96_0078: Q3.vhd : (112, 21): Unknown identifier "Main_Component".
# Error: COMP96_0055: Q3.vhd : (112, 16): Cannot find context item "work.Main_Component".
# Error: COMP96_0078: Q3.vhd : (127, 24): Unknown identifier "text".
# Error: COMP96_0064: Q3.vhd : (127, 24): Unknown type.
# Error: COMP96_0078: Q3.vhd : (129, 5): Unknown identifier "file_open".
# Error: COMP96_0066: Q3.vhd : (129, 5): Cannot find "file_open" procedure declaration.
# Error: COMP96_0251: Q3.vhd : (130, 14): Discrete range in the iteration scheme is invalid.
# Error: COMP96_0251: Q3.vhd : (131, 16): Discrete range in the iteration scheme is invalid.
# Error: COMP96_0078: Q3.vhd : (132, 9): Unknown identifier "write".
# Error: COMP96_0066: Q3.vhd : (132, 9): Cannot find "write" procedure declaration.
# Error: COMP96_0078: Q3.vhd : (133, 9): Unknown identifier "write".
# Error: COMP96_0066: Q3.vhd : (133, 9): Cannot find "write" procedure declaration.
# Error: COMP96_0078: Q3.vhd : (135, 7): Unknown identifier "writeline".
# Error: COMP96_0066: Q3.vhd : (135, 7): Cannot find "writeline" procedure declaration.
# Error: COMP96_0078: Q3.vhd : (137, 5): Unknown identifier "file_close".
# Error: COMP96_0066: Q3.vhd : (137, 5): Cannot find "file_close" procedure declaration.
# File: C:/Users/free/Desktop/UNI/term6/CAD/HW3/design/src/TestBench/recursive_functions_entity_TB.vhd
# Compile Entity "recursive_functions_entity_tb"
# Compile Architecture "TB_ARCHITECTURE" of Entity "recursive_functions_entity_tb"
# Compile Configuration "TESTBENCH_FOR_recursive_functions_entity"
# Compile failure 50 Errors 1 Warnings  Analysis time :  0.1 [s]
acom -O3 -e 100 -work design -2002  $dsn/src/Q1.vhd $dsn/src/Q2.vhd $dsn/src/Q3.vhd $dsn/src/TestBench/recursive_functions_entity_TB.vhd
# Warning: DAGGEN_0523: The source is compiled without the -dbg switch. Line breakpoints and assertion debug will not be available.
# File: C:/Users/free/Desktop/UNI/term6/CAD/HW3/design/src/Q1.vhd
# Warning: COMP96_0003: Source file "C:/Users/free/Desktop/UNI/term6/CAD/HW3/design/src/Q1.vhd" is empty.
# File: C:/Users/free/Desktop/UNI/term6/CAD/HW3/design/src/Q2.vhd
# Compile Package "Recursive_Functions"
# Compile Package Body "Recursive_Functions"
# Compile Entity "Recursive_Functions_Entity"
# Compile Architecture "Behavioral" of Entity "Recursive_Functions_Entity"
# File: C:/Users/free/Desktop/UNI/term6/CAD/HW3/design/src/Q3.vhd
# Compile Package "convolution_pkg"
# Error: COMP96_0530: Q3.vhd : (8, 53): Array subtype has more dimensions than base type.
# Error: COMP96_0530: Q3.vhd : (11, 60): Array subtype has more dimensions than base type.
# Compile Package Body "convolution_pkg"
# Error: COMP96_0057: Q3.vhd : (15, 1): Cannot find referenced package declaration "convolution_pkg".
# File: C:/Users/free/Desktop/UNI/term6/CAD/HW3/design/src/TestBench/recursive_functions_entity_TB.vhd
# Compile Entity "recursive_functions_entity_tb"
# Compile Architecture "TB_ARCHITECTURE" of Entity "recursive_functions_entity_tb"
# Compile Configuration "TESTBENCH_FOR_recursive_functions_entity"
# Compile failure 3 Errors 1 Warnings  Analysis time :  78.0 [ms]
acom -O3 -e 100 -work design -2002  $dsn/src/Q1.vhd $dsn/src/Q2.vhd $dsn/src/Q3.vhd $dsn/src/TestBench/recursive_functions_entity_TB.vhd
# Warning: DAGGEN_0523: The source is compiled without the -dbg switch. Line breakpoints and assertion debug will not be available.
# File: C:/Users/free/Desktop/UNI/term6/CAD/HW3/design/src/Q1.vhd
# Warning: COMP96_0003: Source file "C:/Users/free/Desktop/UNI/term6/CAD/HW3/design/src/Q1.vhd" is empty.
# File: C:/Users/free/Desktop/UNI/term6/CAD/HW3/design/src/Q2.vhd
# Compile Package "Recursive_Functions"
# Compile Package Body "Recursive_Functions"
# Compile Entity "Recursive_Functions_Entity"
# Compile Architecture "Behavioral" of Entity "Recursive_Functions_Entity"
# File: C:/Users/free/Desktop/UNI/term6/CAD/HW3/design/src/Q3.vhd
# Compile Package "convolution_pkg"
# Error: COMP96_0530: Q3.vhd : (13, 53): Array subtype has more dimensions than base type.
# Error: COMP96_0530: Q3.vhd : (16, 60): Array subtype has more dimensions than base type.
# Compile Package Body "convolution_pkg"
# Error: COMP96_0057: Q3.vhd : (20, 1): Cannot find referenced package declaration "convolution_pkg".
# File: C:/Users/free/Desktop/UNI/term6/CAD/HW3/design/src/TestBench/recursive_functions_entity_TB.vhd
# Compile Entity "recursive_functions_entity_tb"
# Compile Architecture "TB_ARCHITECTURE" of Entity "recursive_functions_entity_tb"
# Compile Configuration "TESTBENCH_FOR_recursive_functions_entity"
# Compile failure 3 Errors 1 Warnings  Analysis time :  93.0 [ms]
