Active-HDL 12.0.118.7745 2023-06-28 22:25:39

Elaboration top modules:
Architecture                  TB_ARCHITECTURE(zeroblockfinder_tb)


--------------------------------------------------------------------------------------------------------
Entity             | Architecture    | Library | Info | Compiler Version          | Compilation Options
--------------------------------------------------------------------------------------------------------
zeroblockfinder_tb | TB_ARCHITECTURE | design  |      | 12.0.118.7745 (Windows64) | -O3
ZeroBlockFinder    | Behavioral      | design  |      | 12.0.118.7745 (Windows64) | -O3
--------------------------------------------------------------------------------------------------------

--------------------------------------------------------------------------------------------------------
VHDL Package                         | Library | Info | Compiler Version          | Compilation Options
--------------------------------------------------------------------------------------------------------
standard                             | std     |      |                           | <unavailable>
TEXTIO                               | std     |      |                           | <unavailable>
std_logic_1164                       | ieee    |      |                           | <unavailable>
--------------------------------------------------------------------------------------------------------

--------------------------------------------------------------------------------------------------------
Library                              | Comment
--------------------------------------------------------------------------------------------------------
design                               | None
ieee                                 | Standard IEEE packages library
std                                  | Standard VHDL library
--------------------------------------------------------------------------------------------------------


Simulation Options: asim -O5 +access +r +m+zeroblockfinder_tb zeroblockfinder_tb TB_ARCHITECTURE

