Active-HDL 12.0.118.7745 2023-06-01 15:19:04

Elaboration top modules:
Architecture                  TB_ARCHITECTURE(alarmforclock_tb)


------------------------------------------------------------------------------------------------------
Entity           | Architecture    | Library | Info | Compiler Version          | Compilation Options
------------------------------------------------------------------------------------------------------
alarmforclock_tb | TB_ARCHITECTURE | design  |      | 12.0.118.7745 (Windows64) | -O3
alarmforclock    | behavioral      | design  |      | 12.0.118.7745 (Windows64) | -O3
------------------------------------------------------------------------------------------------------

------------------------------------------------------------------------------------------------------
VHDL Package                       | Library | Info | Compiler Version          | Compilation Options
------------------------------------------------------------------------------------------------------
standard                           | std     |      |                           | <unavailable>
TEXTIO                             | std     |      |                           | <unavailable>
std_logic_1164                     | ieee    |      |                           | <unavailable>
NUMERIC_STD                        | ieee    |      |                           | <unavailable>
------------------------------------------------------------------------------------------------------

------------------------------------------------------------------------------------------------------
Library                            | Comment
------------------------------------------------------------------------------------------------------
design                             | None
ieee                               | Standard IEEE packages library
std                                | Standard VHDL library
------------------------------------------------------------------------------------------------------
