Active-HDL 12.0.118.7745 2023-06-02 10:04:29

Elaboration top modules:
Architecture                  TB_ARCHITECTURE(gcd_lcm_tb)


------------------------------------------------------------------------------------------------
Entity     | Architecture    | Library | Info | Compiler Version          | Compilation Options
------------------------------------------------------------------------------------------------
gcd_lcm_tb | TB_ARCHITECTURE | design  |      | 12.0.118.7745 (Windows64) | -O3
GCD_LCM    | Behavioral      | design  |      | 12.0.118.7745 (Windows64) | -O3
------------------------------------------------------------------------------------------------

------------------------------------------------------------------------------------------------
VHDL Package                 | Library | Info | Compiler Version          | Compilation Options
------------------------------------------------------------------------------------------------
standard                     | std     |      |                           | <unavailable>
TEXTIO                       | std     |      |                           | <unavailable>
std_logic_1164               | ieee    |      |                           | <unavailable>
------------------------------------------------------------------------------------------------

------------------------------------------------------------------------------------------------
Library                      | Comment
------------------------------------------------------------------------------------------------
design                       | None
ieee                         | Standard IEEE packages library
std                          | Standard VHDL library
------------------------------------------------------------------------------------------------
