Active-HDL 12.0.118.7745 2023-06-27 10:37:57

Elaboration top modules:
Architecture                  TB_ARCHITECTURE(counterex_tb)


--------------------------------------------------------------------------------------------------
Entity       | Architecture    | Library | Info | Compiler Version          | Compilation Options
--------------------------------------------------------------------------------------------------
counterex_tb | TB_ARCHITECTURE | design  |      | 12.0.118.7745 (Windows64) | -O3
counterEx    | arch            | design  |      | 12.0.118.7745 (Windows64) | -O3
--------------------------------------------------------------------------------------------------

--------------------------------------------------------------------------------------------------
VHDL Package                   | Library | Info | Compiler Version          | Compilation Options
--------------------------------------------------------------------------------------------------
standard                       | std     |      |                           | <unavailable>
TEXTIO                         | std     |      |                           | <unavailable>
std_logic_1164                 | ieee    |      |                           | <unavailable>
NUMERIC_STD                    | ieee    |      |                           | <unavailable>
--------------------------------------------------------------------------------------------------

--------------------------------------------------------------------------------------------------
Library                        | Comment
--------------------------------------------------------------------------------------------------
design                         | None
ieee                           | Standard IEEE packages library
std                            | Standard VHDL library
--------------------------------------------------------------------------------------------------


Simulation Options: asim -O5 +access +r +m+counterex_tb counterex_tb TB_ARCHITECTURE

